[2024-11-27T08:56:56.866+0000] {processor.py:186} INFO - Started process (PID=51) to work on /opt/airflow/dags/my_dag.py
[2024-11-27T08:56:56.867+0000] {processor.py:914} INFO - Processing file /opt/airflow/dags/my_dag.py for tasks to queue
[2024-11-27T08:56:56.872+0000] {logging_mixin.py:190} INFO - [2024-11-27T08:56:56.872+0000] {dagbag.py:588} INFO - Filling up the DagBag from /opt/airflow/dags/my_dag.py
[2024-11-27T08:56:56.876+0000] {processor.py:927} WARNING - No viable dags retrieved from /opt/airflow/dags/my_dag.py
[2024-11-27T08:56:56.896+0000] {processor.py:208} INFO - Processing /opt/airflow/dags/my_dag.py took 0.036 seconds
[2024-11-27T08:57:27.883+0000] {processor.py:186} INFO - Started process (PID=115) to work on /opt/airflow/dags/my_dag.py
[2024-11-27T08:57:27.885+0000] {processor.py:914} INFO - Processing file /opt/airflow/dags/my_dag.py for tasks to queue
[2024-11-27T08:57:27.889+0000] {logging_mixin.py:190} INFO - [2024-11-27T08:57:27.889+0000] {dagbag.py:588} INFO - Filling up the DagBag from /opt/airflow/dags/my_dag.py
[2024-11-27T08:57:27.901+0000] {processor.py:927} WARNING - No viable dags retrieved from /opt/airflow/dags/my_dag.py
[2024-11-27T08:57:27.917+0000] {processor.py:208} INFO - Processing /opt/airflow/dags/my_dag.py took 0.048 seconds
[2024-11-27T08:57:58.214+0000] {processor.py:186} INFO - Started process (PID=179) to work on /opt/airflow/dags/my_dag.py
[2024-11-27T08:57:58.215+0000] {processor.py:914} INFO - Processing file /opt/airflow/dags/my_dag.py for tasks to queue
[2024-11-27T08:57:58.218+0000] {logging_mixin.py:190} INFO - [2024-11-27T08:57:58.217+0000] {dagbag.py:588} INFO - Filling up the DagBag from /opt/airflow/dags/my_dag.py
[2024-11-27T08:57:58.226+0000] {processor.py:927} WARNING - No viable dags retrieved from /opt/airflow/dags/my_dag.py
[2024-11-27T08:57:58.250+0000] {processor.py:208} INFO - Processing /opt/airflow/dags/my_dag.py took 0.046 seconds
[2024-11-27T08:58:28.417+0000] {processor.py:186} INFO - Started process (PID=243) to work on /opt/airflow/dags/my_dag.py
[2024-11-27T08:58:28.420+0000] {processor.py:914} INFO - Processing file /opt/airflow/dags/my_dag.py for tasks to queue
[2024-11-27T08:58:28.423+0000] {logging_mixin.py:190} INFO - [2024-11-27T08:58:28.423+0000] {dagbag.py:588} INFO - Filling up the DagBag from /opt/airflow/dags/my_dag.py
[2024-11-27T08:58:28.431+0000] {processor.py:927} WARNING - No viable dags retrieved from /opt/airflow/dags/my_dag.py
[2024-11-27T08:58:28.451+0000] {processor.py:208} INFO - Processing /opt/airflow/dags/my_dag.py took 0.044 seconds
[2024-11-27T08:58:58.573+0000] {processor.py:186} INFO - Started process (PID=307) to work on /opt/airflow/dags/my_dag.py
[2024-11-27T08:58:58.574+0000] {processor.py:914} INFO - Processing file /opt/airflow/dags/my_dag.py for tasks to queue
[2024-11-27T08:58:58.579+0000] {logging_mixin.py:190} INFO - [2024-11-27T08:58:58.579+0000] {dagbag.py:588} INFO - Filling up the DagBag from /opt/airflow/dags/my_dag.py
[2024-11-27T08:58:58.587+0000] {processor.py:927} WARNING - No viable dags retrieved from /opt/airflow/dags/my_dag.py
[2024-11-27T08:58:58.610+0000] {processor.py:208} INFO - Processing /opt/airflow/dags/my_dag.py took 0.054 seconds
[2024-11-27T08:59:28.966+0000] {processor.py:186} INFO - Started process (PID=371) to work on /opt/airflow/dags/my_dag.py
[2024-11-27T08:59:28.968+0000] {processor.py:914} INFO - Processing file /opt/airflow/dags/my_dag.py for tasks to queue
[2024-11-27T08:59:28.972+0000] {logging_mixin.py:190} INFO - [2024-11-27T08:59:28.972+0000] {dagbag.py:588} INFO - Filling up the DagBag from /opt/airflow/dags/my_dag.py
[2024-11-27T08:59:28.979+0000] {processor.py:927} WARNING - No viable dags retrieved from /opt/airflow/dags/my_dag.py
[2024-11-27T08:59:28.997+0000] {processor.py:208} INFO - Processing /opt/airflow/dags/my_dag.py took 0.052 seconds
[2024-11-27T08:59:59.219+0000] {processor.py:186} INFO - Started process (PID=435) to work on /opt/airflow/dags/my_dag.py
[2024-11-27T08:59:59.221+0000] {processor.py:914} INFO - Processing file /opt/airflow/dags/my_dag.py for tasks to queue
[2024-11-27T08:59:59.225+0000] {logging_mixin.py:190} INFO - [2024-11-27T08:59:59.225+0000] {dagbag.py:588} INFO - Filling up the DagBag from /opt/airflow/dags/my_dag.py
[2024-11-27T08:59:59.232+0000] {processor.py:927} WARNING - No viable dags retrieved from /opt/airflow/dags/my_dag.py
[2024-11-27T08:59:59.252+0000] {processor.py:208} INFO - Processing /opt/airflow/dags/my_dag.py took 0.059 seconds
[2024-11-27T09:00:29.352+0000] {processor.py:186} INFO - Started process (PID=499) to work on /opt/airflow/dags/my_dag.py
[2024-11-27T09:00:29.354+0000] {processor.py:914} INFO - Processing file /opt/airflow/dags/my_dag.py for tasks to queue
[2024-11-27T09:00:29.358+0000] {logging_mixin.py:190} INFO - [2024-11-27T09:00:29.358+0000] {dagbag.py:588} INFO - Filling up the DagBag from /opt/airflow/dags/my_dag.py
[2024-11-27T09:00:29.363+0000] {processor.py:927} WARNING - No viable dags retrieved from /opt/airflow/dags/my_dag.py
[2024-11-27T09:00:29.384+0000] {processor.py:208} INFO - Processing /opt/airflow/dags/my_dag.py took 0.050 seconds
[2024-11-27T09:01:00.377+0000] {processor.py:186} INFO - Started process (PID=563) to work on /opt/airflow/dags/my_dag.py
[2024-11-27T09:01:00.380+0000] {processor.py:914} INFO - Processing file /opt/airflow/dags/my_dag.py for tasks to queue
[2024-11-27T09:01:00.383+0000] {logging_mixin.py:190} INFO - [2024-11-27T09:01:00.383+0000] {dagbag.py:588} INFO - Filling up the DagBag from /opt/airflow/dags/my_dag.py
[2024-11-27T09:01:00.393+0000] {processor.py:927} WARNING - No viable dags retrieved from /opt/airflow/dags/my_dag.py
[2024-11-27T09:01:00.416+0000] {processor.py:208} INFO - Processing /opt/airflow/dags/my_dag.py took 0.054 seconds
[2024-11-27T09:01:30.787+0000] {processor.py:186} INFO - Started process (PID=633) to work on /opt/airflow/dags/my_dag.py
[2024-11-27T09:01:30.789+0000] {processor.py:914} INFO - Processing file /opt/airflow/dags/my_dag.py for tasks to queue
[2024-11-27T09:01:30.796+0000] {logging_mixin.py:190} INFO - [2024-11-27T09:01:30.795+0000] {dagbag.py:588} INFO - Filling up the DagBag from /opt/airflow/dags/my_dag.py
[2024-11-27T09:01:30.804+0000] {processor.py:927} WARNING - No viable dags retrieved from /opt/airflow/dags/my_dag.py
[2024-11-27T09:01:30.829+0000] {processor.py:208} INFO - Processing /opt/airflow/dags/my_dag.py took 0.052 seconds
[2024-11-27T09:02:01.439+0000] {processor.py:186} INFO - Started process (PID=697) to work on /opt/airflow/dags/my_dag.py
[2024-11-27T09:02:01.442+0000] {processor.py:914} INFO - Processing file /opt/airflow/dags/my_dag.py for tasks to queue
[2024-11-27T09:02:01.445+0000] {logging_mixin.py:190} INFO - [2024-11-27T09:02:01.445+0000] {dagbag.py:588} INFO - Filling up the DagBag from /opt/airflow/dags/my_dag.py
[2024-11-27T09:02:01.453+0000] {processor.py:927} WARNING - No viable dags retrieved from /opt/airflow/dags/my_dag.py
[2024-11-27T09:02:01.470+0000] {processor.py:208} INFO - Processing /opt/airflow/dags/my_dag.py took 0.046 seconds
[2024-11-27T09:02:32.321+0000] {processor.py:186} INFO - Started process (PID=761) to work on /opt/airflow/dags/my_dag.py
[2024-11-27T09:02:32.323+0000] {processor.py:914} INFO - Processing file /opt/airflow/dags/my_dag.py for tasks to queue
[2024-11-27T09:02:32.327+0000] {logging_mixin.py:190} INFO - [2024-11-27T09:02:32.326+0000] {dagbag.py:588} INFO - Filling up the DagBag from /opt/airflow/dags/my_dag.py
[2024-11-27T09:02:32.336+0000] {processor.py:927} WARNING - No viable dags retrieved from /opt/airflow/dags/my_dag.py
[2024-11-27T09:02:32.346+0000] {processor.py:208} INFO - Processing /opt/airflow/dags/my_dag.py took 0.032 seconds
[2024-11-27T09:03:02.407+0000] {processor.py:186} INFO - Started process (PID=825) to work on /opt/airflow/dags/my_dag.py
[2024-11-27T09:03:02.409+0000] {processor.py:914} INFO - Processing file /opt/airflow/dags/my_dag.py for tasks to queue
[2024-11-27T09:03:02.413+0000] {logging_mixin.py:190} INFO - [2024-11-27T09:03:02.413+0000] {dagbag.py:588} INFO - Filling up the DagBag from /opt/airflow/dags/my_dag.py
[2024-11-27T09:03:02.424+0000] {processor.py:927} WARNING - No viable dags retrieved from /opt/airflow/dags/my_dag.py
[2024-11-27T09:03:02.439+0000] {processor.py:208} INFO - Processing /opt/airflow/dags/my_dag.py took 0.046 seconds
[2024-11-27T09:03:32.874+0000] {processor.py:186} INFO - Started process (PID=889) to work on /opt/airflow/dags/my_dag.py
[2024-11-27T09:03:32.877+0000] {processor.py:914} INFO - Processing file /opt/airflow/dags/my_dag.py for tasks to queue
[2024-11-27T09:03:32.887+0000] {logging_mixin.py:190} INFO - [2024-11-27T09:03:32.886+0000] {dagbag.py:588} INFO - Filling up the DagBag from /opt/airflow/dags/my_dag.py
[2024-11-27T09:03:32.896+0000] {processor.py:927} WARNING - No viable dags retrieved from /opt/airflow/dags/my_dag.py
[2024-11-27T09:03:32.917+0000] {processor.py:208} INFO - Processing /opt/airflow/dags/my_dag.py took 0.056 seconds
[2024-11-27T09:04:03.195+0000] {processor.py:186} INFO - Started process (PID=953) to work on /opt/airflow/dags/my_dag.py
[2024-11-27T09:04:03.198+0000] {processor.py:914} INFO - Processing file /opt/airflow/dags/my_dag.py for tasks to queue
[2024-11-27T09:04:03.207+0000] {logging_mixin.py:190} INFO - [2024-11-27T09:04:03.207+0000] {dagbag.py:588} INFO - Filling up the DagBag from /opt/airflow/dags/my_dag.py
[2024-11-27T09:04:03.216+0000] {processor.py:927} WARNING - No viable dags retrieved from /opt/airflow/dags/my_dag.py
[2024-11-27T09:04:03.233+0000] {processor.py:208} INFO - Processing /opt/airflow/dags/my_dag.py took 0.056 seconds
[2024-11-27T09:04:33.369+0000] {processor.py:186} INFO - Started process (PID=1017) to work on /opt/airflow/dags/my_dag.py
[2024-11-27T09:04:33.370+0000] {processor.py:914} INFO - Processing file /opt/airflow/dags/my_dag.py for tasks to queue
[2024-11-27T09:04:33.374+0000] {logging_mixin.py:190} INFO - [2024-11-27T09:04:33.374+0000] {dagbag.py:588} INFO - Filling up the DagBag from /opt/airflow/dags/my_dag.py
[2024-11-27T09:04:33.390+0000] {processor.py:927} WARNING - No viable dags retrieved from /opt/airflow/dags/my_dag.py
[2024-11-27T09:04:33.410+0000] {processor.py:208} INFO - Processing /opt/airflow/dags/my_dag.py took 0.059 seconds
[2024-11-27T09:05:04.305+0000] {processor.py:186} INFO - Started process (PID=1081) to work on /opt/airflow/dags/my_dag.py
[2024-11-27T09:05:04.307+0000] {processor.py:914} INFO - Processing file /opt/airflow/dags/my_dag.py for tasks to queue
[2024-11-27T09:05:04.311+0000] {logging_mixin.py:190} INFO - [2024-11-27T09:05:04.311+0000] {dagbag.py:588} INFO - Filling up the DagBag from /opt/airflow/dags/my_dag.py
[2024-11-27T09:05:04.321+0000] {processor.py:927} WARNING - No viable dags retrieved from /opt/airflow/dags/my_dag.py
[2024-11-27T09:05:04.341+0000] {processor.py:208} INFO - Processing /opt/airflow/dags/my_dag.py took 0.049 seconds
[2024-11-27T09:05:34.393+0000] {processor.py:186} INFO - Started process (PID=1145) to work on /opt/airflow/dags/my_dag.py
[2024-11-27T09:05:34.394+0000] {processor.py:914} INFO - Processing file /opt/airflow/dags/my_dag.py for tasks to queue
[2024-11-27T09:05:34.400+0000] {logging_mixin.py:190} INFO - [2024-11-27T09:05:34.399+0000] {dagbag.py:588} INFO - Filling up the DagBag from /opt/airflow/dags/my_dag.py
[2024-11-27T09:05:34.408+0000] {processor.py:927} WARNING - No viable dags retrieved from /opt/airflow/dags/my_dag.py
[2024-11-27T09:05:34.420+0000] {processor.py:208} INFO - Processing /opt/airflow/dags/my_dag.py took 0.035 seconds
[2024-11-27T09:06:05.428+0000] {processor.py:186} INFO - Started process (PID=1209) to work on /opt/airflow/dags/my_dag.py
[2024-11-27T09:06:05.430+0000] {processor.py:914} INFO - Processing file /opt/airflow/dags/my_dag.py for tasks to queue
[2024-11-27T09:06:05.434+0000] {logging_mixin.py:190} INFO - [2024-11-27T09:06:05.434+0000] {dagbag.py:588} INFO - Filling up the DagBag from /opt/airflow/dags/my_dag.py
[2024-11-27T09:06:05.444+0000] {processor.py:927} WARNING - No viable dags retrieved from /opt/airflow/dags/my_dag.py
[2024-11-27T09:06:05.465+0000] {processor.py:208} INFO - Processing /opt/airflow/dags/my_dag.py took 0.050 seconds
[2024-11-27T09:06:35.528+0000] {processor.py:186} INFO - Started process (PID=1273) to work on /opt/airflow/dags/my_dag.py
[2024-11-27T09:06:35.533+0000] {processor.py:914} INFO - Processing file /opt/airflow/dags/my_dag.py for tasks to queue
[2024-11-27T09:06:35.539+0000] {logging_mixin.py:190} INFO - [2024-11-27T09:06:35.538+0000] {dagbag.py:588} INFO - Filling up the DagBag from /opt/airflow/dags/my_dag.py
[2024-11-27T09:06:35.544+0000] {processor.py:927} WARNING - No viable dags retrieved from /opt/airflow/dags/my_dag.py
[2024-11-27T09:06:35.565+0000] {processor.py:208} INFO - Processing /opt/airflow/dags/my_dag.py took 0.049 seconds
[2024-11-27T09:07:05.643+0000] {processor.py:186} INFO - Started process (PID=1337) to work on /opt/airflow/dags/my_dag.py
[2024-11-27T09:07:05.645+0000] {processor.py:914} INFO - Processing file /opt/airflow/dags/my_dag.py for tasks to queue
[2024-11-27T09:07:05.653+0000] {logging_mixin.py:190} INFO - [2024-11-27T09:07:05.653+0000] {dagbag.py:588} INFO - Filling up the DagBag from /opt/airflow/dags/my_dag.py
[2024-11-27T09:07:05.666+0000] {processor.py:927} WARNING - No viable dags retrieved from /opt/airflow/dags/my_dag.py
[2024-11-27T09:07:05.692+0000] {processor.py:208} INFO - Processing /opt/airflow/dags/my_dag.py took 0.059 seconds
[2024-11-27T09:07:35.751+0000] {processor.py:186} INFO - Started process (PID=1401) to work on /opt/airflow/dags/my_dag.py
[2024-11-27T09:07:35.754+0000] {processor.py:914} INFO - Processing file /opt/airflow/dags/my_dag.py for tasks to queue
[2024-11-27T09:07:35.764+0000] {logging_mixin.py:190} INFO - [2024-11-27T09:07:35.763+0000] {dagbag.py:588} INFO - Filling up the DagBag from /opt/airflow/dags/my_dag.py
[2024-11-27T09:07:35.772+0000] {processor.py:927} WARNING - No viable dags retrieved from /opt/airflow/dags/my_dag.py
[2024-11-27T09:07:35.790+0000] {processor.py:208} INFO - Processing /opt/airflow/dags/my_dag.py took 0.051 seconds
[2024-11-27T09:08:06.010+0000] {processor.py:186} INFO - Started process (PID=1465) to work on /opt/airflow/dags/my_dag.py
[2024-11-27T09:08:06.012+0000] {processor.py:914} INFO - Processing file /opt/airflow/dags/my_dag.py for tasks to queue
[2024-11-27T09:08:06.017+0000] {logging_mixin.py:190} INFO - [2024-11-27T09:08:06.017+0000] {dagbag.py:588} INFO - Filling up the DagBag from /opt/airflow/dags/my_dag.py
[2024-11-27T09:08:06.025+0000] {processor.py:927} WARNING - No viable dags retrieved from /opt/airflow/dags/my_dag.py
[2024-11-27T09:08:06.050+0000] {processor.py:208} INFO - Processing /opt/airflow/dags/my_dag.py took 0.049 seconds
[2024-11-27T09:08:36.125+0000] {processor.py:186} INFO - Started process (PID=1529) to work on /opt/airflow/dags/my_dag.py
[2024-11-27T09:08:36.126+0000] {processor.py:914} INFO - Processing file /opt/airflow/dags/my_dag.py for tasks to queue
[2024-11-27T09:08:36.131+0000] {logging_mixin.py:190} INFO - [2024-11-27T09:08:36.130+0000] {dagbag.py:588} INFO - Filling up the DagBag from /opt/airflow/dags/my_dag.py
[2024-11-27T09:08:36.141+0000] {processor.py:927} WARNING - No viable dags retrieved from /opt/airflow/dags/my_dag.py
[2024-11-27T09:08:36.166+0000] {processor.py:208} INFO - Processing /opt/airflow/dags/my_dag.py took 0.052 seconds
[2024-11-27T09:09:06.298+0000] {processor.py:186} INFO - Started process (PID=1593) to work on /opt/airflow/dags/my_dag.py
[2024-11-27T09:09:06.300+0000] {processor.py:914} INFO - Processing file /opt/airflow/dags/my_dag.py for tasks to queue
[2024-11-27T09:09:06.306+0000] {logging_mixin.py:190} INFO - [2024-11-27T09:09:06.306+0000] {dagbag.py:588} INFO - Filling up the DagBag from /opt/airflow/dags/my_dag.py
[2024-11-27T09:09:06.313+0000] {processor.py:927} WARNING - No viable dags retrieved from /opt/airflow/dags/my_dag.py
[2024-11-27T09:09:06.342+0000] {processor.py:208} INFO - Processing /opt/airflow/dags/my_dag.py took 0.067 seconds
[2024-11-27T09:09:36.488+0000] {processor.py:186} INFO - Started process (PID=1657) to work on /opt/airflow/dags/my_dag.py
[2024-11-27T09:09:36.493+0000] {processor.py:914} INFO - Processing file /opt/airflow/dags/my_dag.py for tasks to queue
[2024-11-27T09:09:36.503+0000] {logging_mixin.py:190} INFO - [2024-11-27T09:09:36.503+0000] {dagbag.py:588} INFO - Filling up the DagBag from /opt/airflow/dags/my_dag.py
[2024-11-27T09:09:36.509+0000] {processor.py:927} WARNING - No viable dags retrieved from /opt/airflow/dags/my_dag.py
[2024-11-27T09:09:36.542+0000] {processor.py:208} INFO - Processing /opt/airflow/dags/my_dag.py took 0.075 seconds
[2024-11-27T09:10:06.661+0000] {processor.py:186} INFO - Started process (PID=1721) to work on /opt/airflow/dags/my_dag.py
[2024-11-27T09:10:06.664+0000] {processor.py:914} INFO - Processing file /opt/airflow/dags/my_dag.py for tasks to queue
[2024-11-27T09:10:06.669+0000] {logging_mixin.py:190} INFO - [2024-11-27T09:10:06.668+0000] {dagbag.py:588} INFO - Filling up the DagBag from /opt/airflow/dags/my_dag.py
[2024-11-27T09:10:06.684+0000] {processor.py:927} WARNING - No viable dags retrieved from /opt/airflow/dags/my_dag.py
[2024-11-27T09:10:06.712+0000] {processor.py:208} INFO - Processing /opt/airflow/dags/my_dag.py took 0.064 seconds
[2024-11-27T09:10:37.049+0000] {processor.py:186} INFO - Started process (PID=1785) to work on /opt/airflow/dags/my_dag.py
[2024-11-27T09:10:37.051+0000] {processor.py:914} INFO - Processing file /opt/airflow/dags/my_dag.py for tasks to queue
[2024-11-27T09:10:37.059+0000] {logging_mixin.py:190} INFO - [2024-11-27T09:10:37.058+0000] {dagbag.py:588} INFO - Filling up the DagBag from /opt/airflow/dags/my_dag.py
[2024-11-27T09:10:37.065+0000] {processor.py:927} WARNING - No viable dags retrieved from /opt/airflow/dags/my_dag.py
[2024-11-27T09:10:37.089+0000] {processor.py:208} INFO - Processing /opt/airflow/dags/my_dag.py took 0.056 seconds
[2024-11-27T09:11:07.241+0000] {processor.py:186} INFO - Started process (PID=1849) to work on /opt/airflow/dags/my_dag.py
[2024-11-27T09:11:07.244+0000] {processor.py:914} INFO - Processing file /opt/airflow/dags/my_dag.py for tasks to queue
[2024-11-27T09:11:07.253+0000] {logging_mixin.py:190} INFO - [2024-11-27T09:11:07.253+0000] {dagbag.py:588} INFO - Filling up the DagBag from /opt/airflow/dags/my_dag.py
[2024-11-27T09:11:07.269+0000] {processor.py:927} WARNING - No viable dags retrieved from /opt/airflow/dags/my_dag.py
[2024-11-27T09:11:07.294+0000] {processor.py:208} INFO - Processing /opt/airflow/dags/my_dag.py took 0.069 seconds
[2024-11-27T09:11:37.585+0000] {processor.py:186} INFO - Started process (PID=1913) to work on /opt/airflow/dags/my_dag.py
[2024-11-27T09:11:37.587+0000] {processor.py:914} INFO - Processing file /opt/airflow/dags/my_dag.py for tasks to queue
[2024-11-27T09:11:37.591+0000] {logging_mixin.py:190} INFO - [2024-11-27T09:11:37.590+0000] {dagbag.py:588} INFO - Filling up the DagBag from /opt/airflow/dags/my_dag.py
[2024-11-27T09:11:37.597+0000] {processor.py:927} WARNING - No viable dags retrieved from /opt/airflow/dags/my_dag.py
[2024-11-27T09:11:37.617+0000] {processor.py:208} INFO - Processing /opt/airflow/dags/my_dag.py took 0.047 seconds
[2024-11-27T09:12:08.281+0000] {processor.py:186} INFO - Started process (PID=1977) to work on /opt/airflow/dags/my_dag.py
[2024-11-27T09:12:08.283+0000] {processor.py:914} INFO - Processing file /opt/airflow/dags/my_dag.py for tasks to queue
[2024-11-27T09:12:08.285+0000] {logging_mixin.py:190} INFO - [2024-11-27T09:12:08.285+0000] {dagbag.py:588} INFO - Filling up the DagBag from /opt/airflow/dags/my_dag.py
[2024-11-27T09:12:08.291+0000] {processor.py:927} WARNING - No viable dags retrieved from /opt/airflow/dags/my_dag.py
[2024-11-27T09:12:08.303+0000] {processor.py:208} INFO - Processing /opt/airflow/dags/my_dag.py took 0.026 seconds
[2024-11-27T09:12:38.775+0000] {processor.py:186} INFO - Started process (PID=2040) to work on /opt/airflow/dags/my_dag.py
[2024-11-27T09:12:38.776+0000] {processor.py:914} INFO - Processing file /opt/airflow/dags/my_dag.py for tasks to queue
[2024-11-27T09:12:38.777+0000] {logging_mixin.py:190} INFO - [2024-11-27T09:12:38.777+0000] {dagbag.py:588} INFO - Filling up the DagBag from /opt/airflow/dags/my_dag.py
[2024-11-27T09:12:38.780+0000] {processor.py:927} WARNING - No viable dags retrieved from /opt/airflow/dags/my_dag.py
[2024-11-27T09:12:38.788+0000] {processor.py:208} INFO - Processing /opt/airflow/dags/my_dag.py took 0.017 seconds
[2024-11-27T09:13:08.841+0000] {processor.py:186} INFO - Started process (PID=2098) to work on /opt/airflow/dags/my_dag.py
[2024-11-27T09:13:08.842+0000] {processor.py:914} INFO - Processing file /opt/airflow/dags/my_dag.py for tasks to queue
[2024-11-27T09:13:08.843+0000] {logging_mixin.py:190} INFO - [2024-11-27T09:13:08.843+0000] {dagbag.py:588} INFO - Filling up the DagBag from /opt/airflow/dags/my_dag.py
[2024-11-27T09:13:08.846+0000] {processor.py:927} WARNING - No viable dags retrieved from /opt/airflow/dags/my_dag.py
[2024-11-27T09:13:08.855+0000] {processor.py:208} INFO - Processing /opt/airflow/dags/my_dag.py took 0.018 seconds
[2024-11-27T09:13:39.043+0000] {processor.py:186} INFO - Started process (PID=2161) to work on /opt/airflow/dags/my_dag.py
[2024-11-27T09:13:39.046+0000] {processor.py:914} INFO - Processing file /opt/airflow/dags/my_dag.py for tasks to queue
[2024-11-27T09:13:39.048+0000] {logging_mixin.py:190} INFO - [2024-11-27T09:13:39.048+0000] {dagbag.py:588} INFO - Filling up the DagBag from /opt/airflow/dags/my_dag.py
[2024-11-27T09:13:39.055+0000] {processor.py:927} WARNING - No viable dags retrieved from /opt/airflow/dags/my_dag.py
[2024-11-27T09:13:39.068+0000] {processor.py:208} INFO - Processing /opt/airflow/dags/my_dag.py took 0.033 seconds
[2024-11-27T09:14:09.844+0000] {processor.py:186} INFO - Started process (PID=2225) to work on /opt/airflow/dags/my_dag.py
[2024-11-27T09:14:09.847+0000] {processor.py:914} INFO - Processing file /opt/airflow/dags/my_dag.py for tasks to queue
[2024-11-27T09:14:09.850+0000] {logging_mixin.py:190} INFO - [2024-11-27T09:14:09.849+0000] {dagbag.py:588} INFO - Filling up the DagBag from /opt/airflow/dags/my_dag.py
[2024-11-27T09:14:09.864+0000] {processor.py:927} WARNING - No viable dags retrieved from /opt/airflow/dags/my_dag.py
[2024-11-27T09:14:09.877+0000] {processor.py:208} INFO - Processing /opt/airflow/dags/my_dag.py took 0.040 seconds
[2024-11-27T09:14:40.820+0000] {processor.py:186} INFO - Started process (PID=2289) to work on /opt/airflow/dags/my_dag.py
[2024-11-27T09:14:40.821+0000] {processor.py:914} INFO - Processing file /opt/airflow/dags/my_dag.py for tasks to queue
[2024-11-27T09:14:40.824+0000] {logging_mixin.py:190} INFO - [2024-11-27T09:14:40.824+0000] {dagbag.py:588} INFO - Filling up the DagBag from /opt/airflow/dags/my_dag.py
[2024-11-27T09:14:40.837+0000] {processor.py:927} WARNING - No viable dags retrieved from /opt/airflow/dags/my_dag.py
[2024-11-27T09:14:40.852+0000] {processor.py:208} INFO - Processing /opt/airflow/dags/my_dag.py took 0.037 seconds
[2024-11-27T09:15:11.346+0000] {processor.py:186} INFO - Started process (PID=2353) to work on /opt/airflow/dags/my_dag.py
[2024-11-27T09:15:11.349+0000] {processor.py:914} INFO - Processing file /opt/airflow/dags/my_dag.py for tasks to queue
[2024-11-27T09:15:11.353+0000] {logging_mixin.py:190} INFO - [2024-11-27T09:15:11.353+0000] {dagbag.py:588} INFO - Filling up the DagBag from /opt/airflow/dags/my_dag.py
[2024-11-27T09:15:11.361+0000] {processor.py:927} WARNING - No viable dags retrieved from /opt/airflow/dags/my_dag.py
[2024-11-27T09:15:11.381+0000] {processor.py:208} INFO - Processing /opt/airflow/dags/my_dag.py took 0.044 seconds
[2024-11-27T09:15:41.812+0000] {processor.py:186} INFO - Started process (PID=2417) to work on /opt/airflow/dags/my_dag.py
[2024-11-27T09:15:41.813+0000] {processor.py:914} INFO - Processing file /opt/airflow/dags/my_dag.py for tasks to queue
[2024-11-27T09:15:41.815+0000] {logging_mixin.py:190} INFO - [2024-11-27T09:15:41.815+0000] {dagbag.py:588} INFO - Filling up the DagBag from /opt/airflow/dags/my_dag.py
[2024-11-27T09:15:41.820+0000] {processor.py:927} WARNING - No viable dags retrieved from /opt/airflow/dags/my_dag.py
[2024-11-27T09:15:41.830+0000] {processor.py:208} INFO - Processing /opt/airflow/dags/my_dag.py took 0.021 seconds
[2024-11-27T09:16:12.440+0000] {processor.py:186} INFO - Started process (PID=2464) to work on /opt/airflow/dags/my_dag.py
[2024-11-27T09:16:12.441+0000] {processor.py:914} INFO - Processing file /opt/airflow/dags/my_dag.py for tasks to queue
[2024-11-27T09:16:12.442+0000] {logging_mixin.py:190} INFO - [2024-11-27T09:16:12.442+0000] {dagbag.py:588} INFO - Filling up the DagBag from /opt/airflow/dags/my_dag.py
[2024-11-27T09:16:12.444+0000] {processor.py:927} WARNING - No viable dags retrieved from /opt/airflow/dags/my_dag.py
[2024-11-27T09:16:12.454+0000] {processor.py:208} INFO - Processing /opt/airflow/dags/my_dag.py took 0.017 seconds
[2024-11-27T09:16:43.476+0000] {processor.py:186} INFO - Started process (PID=2525) to work on /opt/airflow/dags/my_dag.py
[2024-11-27T09:16:43.478+0000] {processor.py:914} INFO - Processing file /opt/airflow/dags/my_dag.py for tasks to queue
[2024-11-27T09:16:43.479+0000] {logging_mixin.py:190} INFO - [2024-11-27T09:16:43.479+0000] {dagbag.py:588} INFO - Filling up the DagBag from /opt/airflow/dags/my_dag.py
[2024-11-27T09:16:43.488+0000] {processor.py:927} WARNING - No viable dags retrieved from /opt/airflow/dags/my_dag.py
[2024-11-27T09:16:43.497+0000] {processor.py:208} INFO - Processing /opt/airflow/dags/my_dag.py took 0.024 seconds
[2024-11-27T09:17:13.766+0000] {processor.py:186} INFO - Started process (PID=2572) to work on /opt/airflow/dags/my_dag.py
[2024-11-27T09:17:13.768+0000] {processor.py:914} INFO - Processing file /opt/airflow/dags/my_dag.py for tasks to queue
[2024-11-27T09:17:13.774+0000] {logging_mixin.py:190} INFO - [2024-11-27T09:17:13.773+0000] {dagbag.py:588} INFO - Filling up the DagBag from /opt/airflow/dags/my_dag.py
[2024-11-27T09:17:13.786+0000] {processor.py:927} WARNING - No viable dags retrieved from /opt/airflow/dags/my_dag.py
[2024-11-27T09:17:13.813+0000] {processor.py:208} INFO - Processing /opt/airflow/dags/my_dag.py took 0.071 seconds
[2024-11-27T09:17:44.254+0000] {processor.py:186} INFO - Started process (PID=2636) to work on /opt/airflow/dags/my_dag.py
[2024-11-27T09:17:44.258+0000] {processor.py:914} INFO - Processing file /opt/airflow/dags/my_dag.py for tasks to queue
[2024-11-27T09:17:44.261+0000] {logging_mixin.py:190} INFO - [2024-11-27T09:17:44.260+0000] {dagbag.py:588} INFO - Filling up the DagBag from /opt/airflow/dags/my_dag.py
[2024-11-27T09:17:44.269+0000] {processor.py:927} WARNING - No viable dags retrieved from /opt/airflow/dags/my_dag.py
[2024-11-27T09:17:44.292+0000] {processor.py:208} INFO - Processing /opt/airflow/dags/my_dag.py took 0.057 seconds
[2024-11-27T09:18:15.235+0000] {processor.py:186} INFO - Started process (PID=2700) to work on /opt/airflow/dags/my_dag.py
[2024-11-27T09:18:15.237+0000] {processor.py:914} INFO - Processing file /opt/airflow/dags/my_dag.py for tasks to queue
[2024-11-27T09:18:15.242+0000] {logging_mixin.py:190} INFO - [2024-11-27T09:18:15.241+0000] {dagbag.py:588} INFO - Filling up the DagBag from /opt/airflow/dags/my_dag.py
[2024-11-27T09:18:15.253+0000] {processor.py:927} WARNING - No viable dags retrieved from /opt/airflow/dags/my_dag.py
[2024-11-27T09:18:15.272+0000] {processor.py:208} INFO - Processing /opt/airflow/dags/my_dag.py took 0.051 seconds
[2024-11-27T09:18:45.669+0000] {processor.py:186} INFO - Started process (PID=2764) to work on /opt/airflow/dags/my_dag.py
[2024-11-27T09:18:45.672+0000] {processor.py:914} INFO - Processing file /opt/airflow/dags/my_dag.py for tasks to queue
[2024-11-27T09:18:45.676+0000] {logging_mixin.py:190} INFO - [2024-11-27T09:18:45.676+0000] {dagbag.py:588} INFO - Filling up the DagBag from /opt/airflow/dags/my_dag.py
[2024-11-27T09:18:45.684+0000] {processor.py:927} WARNING - No viable dags retrieved from /opt/airflow/dags/my_dag.py
[2024-11-27T09:18:45.703+0000] {processor.py:208} INFO - Processing /opt/airflow/dags/my_dag.py took 0.047 seconds
[2024-11-27T09:19:16.239+0000] {processor.py:186} INFO - Started process (PID=2828) to work on /opt/airflow/dags/my_dag.py
[2024-11-27T09:19:16.241+0000] {processor.py:914} INFO - Processing file /opt/airflow/dags/my_dag.py for tasks to queue
[2024-11-27T09:19:16.246+0000] {logging_mixin.py:190} INFO - [2024-11-27T09:19:16.246+0000] {dagbag.py:588} INFO - Filling up the DagBag from /opt/airflow/dags/my_dag.py
[2024-11-27T09:19:16.257+0000] {processor.py:927} WARNING - No viable dags retrieved from /opt/airflow/dags/my_dag.py
[2024-11-27T09:19:16.289+0000] {processor.py:208} INFO - Processing /opt/airflow/dags/my_dag.py took 0.063 seconds
[2024-11-27T09:19:46.720+0000] {processor.py:186} INFO - Started process (PID=2892) to work on /opt/airflow/dags/my_dag.py
[2024-11-27T09:19:46.723+0000] {processor.py:914} INFO - Processing file /opt/airflow/dags/my_dag.py for tasks to queue
[2024-11-27T09:19:46.729+0000] {logging_mixin.py:190} INFO - [2024-11-27T09:19:46.729+0000] {dagbag.py:588} INFO - Filling up the DagBag from /opt/airflow/dags/my_dag.py
[2024-11-27T09:19:46.735+0000] {processor.py:927} WARNING - No viable dags retrieved from /opt/airflow/dags/my_dag.py
[2024-11-27T09:19:46.756+0000] {processor.py:208} INFO - Processing /opt/airflow/dags/my_dag.py took 0.056 seconds
[2024-11-27T09:20:16.787+0000] {processor.py:186} INFO - Started process (PID=2956) to work on /opt/airflow/dags/my_dag.py
[2024-11-27T09:20:16.788+0000] {processor.py:914} INFO - Processing file /opt/airflow/dags/my_dag.py for tasks to queue
[2024-11-27T09:20:16.790+0000] {logging_mixin.py:190} INFO - [2024-11-27T09:20:16.790+0000] {dagbag.py:588} INFO - Filling up the DagBag from /opt/airflow/dags/my_dag.py
[2024-11-27T09:20:16.793+0000] {processor.py:927} WARNING - No viable dags retrieved from /opt/airflow/dags/my_dag.py
[2024-11-27T09:20:16.807+0000] {processor.py:208} INFO - Processing /opt/airflow/dags/my_dag.py took 0.025 seconds
[2024-11-27T09:20:46.975+0000] {processor.py:186} INFO - Started process (PID=3020) to work on /opt/airflow/dags/my_dag.py
[2024-11-27T09:20:46.977+0000] {processor.py:914} INFO - Processing file /opt/airflow/dags/my_dag.py for tasks to queue
[2024-11-27T09:20:46.985+0000] {logging_mixin.py:190} INFO - [2024-11-27T09:20:46.984+0000] {dagbag.py:588} INFO - Filling up the DagBag from /opt/airflow/dags/my_dag.py
[2024-11-27T09:20:46.990+0000] {processor.py:927} WARNING - No viable dags retrieved from /opt/airflow/dags/my_dag.py
[2024-11-27T09:20:47.017+0000] {processor.py:208} INFO - Processing /opt/airflow/dags/my_dag.py took 0.056 seconds
[2024-11-27T09:21:17.638+0000] {processor.py:186} INFO - Started process (PID=3084) to work on /opt/airflow/dags/my_dag.py
[2024-11-27T09:21:17.641+0000] {processor.py:914} INFO - Processing file /opt/airflow/dags/my_dag.py for tasks to queue
[2024-11-27T09:21:17.651+0000] {logging_mixin.py:190} INFO - [2024-11-27T09:21:17.650+0000] {dagbag.py:588} INFO - Filling up the DagBag from /opt/airflow/dags/my_dag.py
[2024-11-27T09:21:17.659+0000] {processor.py:927} WARNING - No viable dags retrieved from /opt/airflow/dags/my_dag.py
[2024-11-27T09:21:17.690+0000] {processor.py:208} INFO - Processing /opt/airflow/dags/my_dag.py took 0.066 seconds
[2024-11-27T09:21:48.756+0000] {processor.py:186} INFO - Started process (PID=3148) to work on /opt/airflow/dags/my_dag.py
[2024-11-27T09:21:48.758+0000] {processor.py:914} INFO - Processing file /opt/airflow/dags/my_dag.py for tasks to queue
[2024-11-27T09:21:48.763+0000] {logging_mixin.py:190} INFO - [2024-11-27T09:21:48.763+0000] {dagbag.py:588} INFO - Filling up the DagBag from /opt/airflow/dags/my_dag.py
[2024-11-27T09:21:48.773+0000] {processor.py:927} WARNING - No viable dags retrieved from /opt/airflow/dags/my_dag.py
[2024-11-27T09:21:48.802+0000] {processor.py:208} INFO - Processing /opt/airflow/dags/my_dag.py took 0.068 seconds
[2024-11-27T09:22:19.110+0000] {processor.py:186} INFO - Started process (PID=3212) to work on /opt/airflow/dags/my_dag.py
[2024-11-27T09:22:19.113+0000] {processor.py:914} INFO - Processing file /opt/airflow/dags/my_dag.py for tasks to queue
[2024-11-27T09:22:19.120+0000] {logging_mixin.py:190} INFO - [2024-11-27T09:22:19.119+0000] {dagbag.py:588} INFO - Filling up the DagBag from /opt/airflow/dags/my_dag.py
[2024-11-27T09:22:19.127+0000] {processor.py:927} WARNING - No viable dags retrieved from /opt/airflow/dags/my_dag.py
[2024-11-27T09:22:19.159+0000] {processor.py:208} INFO - Processing /opt/airflow/dags/my_dag.py took 0.070 seconds
[2024-11-27T09:22:49.372+0000] {processor.py:186} INFO - Started process (PID=3276) to work on /opt/airflow/dags/my_dag.py
[2024-11-27T09:22:49.374+0000] {processor.py:914} INFO - Processing file /opt/airflow/dags/my_dag.py for tasks to queue
[2024-11-27T09:22:49.378+0000] {logging_mixin.py:190} INFO - [2024-11-27T09:22:49.377+0000] {dagbag.py:588} INFO - Filling up the DagBag from /opt/airflow/dags/my_dag.py
[2024-11-27T09:22:49.384+0000] {processor.py:927} WARNING - No viable dags retrieved from /opt/airflow/dags/my_dag.py
[2024-11-27T09:22:49.402+0000] {processor.py:208} INFO - Processing /opt/airflow/dags/my_dag.py took 0.045 seconds
[2024-11-27T09:23:20.223+0000] {processor.py:186} INFO - Started process (PID=3340) to work on /opt/airflow/dags/my_dag.py
[2024-11-27T09:23:20.224+0000] {processor.py:914} INFO - Processing file /opt/airflow/dags/my_dag.py for tasks to queue
[2024-11-27T09:23:20.231+0000] {logging_mixin.py:190} INFO - [2024-11-27T09:23:20.231+0000] {dagbag.py:588} INFO - Filling up the DagBag from /opt/airflow/dags/my_dag.py
[2024-11-27T09:23:20.236+0000] {processor.py:927} WARNING - No viable dags retrieved from /opt/airflow/dags/my_dag.py
[2024-11-27T09:23:20.263+0000] {processor.py:208} INFO - Processing /opt/airflow/dags/my_dag.py took 0.055 seconds
[2024-11-27T09:23:51.003+0000] {processor.py:186} INFO - Started process (PID=3404) to work on /opt/airflow/dags/my_dag.py
[2024-11-27T09:23:51.006+0000] {processor.py:914} INFO - Processing file /opt/airflow/dags/my_dag.py for tasks to queue
[2024-11-27T09:23:51.020+0000] {logging_mixin.py:190} INFO - [2024-11-27T09:23:51.019+0000] {dagbag.py:588} INFO - Filling up the DagBag from /opt/airflow/dags/my_dag.py
[2024-11-27T09:23:51.026+0000] {processor.py:927} WARNING - No viable dags retrieved from /opt/airflow/dags/my_dag.py
[2024-11-27T09:23:51.049+0000] {processor.py:208} INFO - Processing /opt/airflow/dags/my_dag.py took 0.090 seconds
[2024-11-27T09:24:21.390+0000] {processor.py:186} INFO - Started process (PID=3468) to work on /opt/airflow/dags/my_dag.py
[2024-11-27T09:24:21.392+0000] {processor.py:914} INFO - Processing file /opt/airflow/dags/my_dag.py for tasks to queue
[2024-11-27T09:24:21.399+0000] {logging_mixin.py:190} INFO - [2024-11-27T09:24:21.398+0000] {dagbag.py:588} INFO - Filling up the DagBag from /opt/airflow/dags/my_dag.py
[2024-11-27T09:24:21.422+0000] {processor.py:927} WARNING - No viable dags retrieved from /opt/airflow/dags/my_dag.py
[2024-11-27T09:24:21.457+0000] {processor.py:208} INFO - Processing /opt/airflow/dags/my_dag.py took 0.093 seconds
[2024-11-27T09:24:51.769+0000] {processor.py:186} INFO - Started process (PID=3532) to work on /opt/airflow/dags/my_dag.py
[2024-11-27T09:24:51.771+0000] {processor.py:914} INFO - Processing file /opt/airflow/dags/my_dag.py for tasks to queue
[2024-11-27T09:24:51.779+0000] {logging_mixin.py:190} INFO - [2024-11-27T09:24:51.778+0000] {dagbag.py:588} INFO - Filling up the DagBag from /opt/airflow/dags/my_dag.py
[2024-11-27T09:24:51.786+0000] {processor.py:927} WARNING - No viable dags retrieved from /opt/airflow/dags/my_dag.py
[2024-11-27T09:24:51.814+0000] {processor.py:208} INFO - Processing /opt/airflow/dags/my_dag.py took 0.062 seconds
[2024-11-27T09:25:22.086+0000] {processor.py:186} INFO - Started process (PID=3596) to work on /opt/airflow/dags/my_dag.py
[2024-11-27T09:25:22.089+0000] {processor.py:914} INFO - Processing file /opt/airflow/dags/my_dag.py for tasks to queue
[2024-11-27T09:25:22.094+0000] {logging_mixin.py:190} INFO - [2024-11-27T09:25:22.094+0000] {dagbag.py:588} INFO - Filling up the DagBag from /opt/airflow/dags/my_dag.py
[2024-11-27T09:25:22.099+0000] {processor.py:927} WARNING - No viable dags retrieved from /opt/airflow/dags/my_dag.py
[2024-11-27T09:25:22.121+0000] {processor.py:208} INFO - Processing /opt/airflow/dags/my_dag.py took 0.055 seconds
[2024-11-27T09:25:52.185+0000] {processor.py:186} INFO - Started process (PID=3660) to work on /opt/airflow/dags/my_dag.py
[2024-11-27T09:25:52.187+0000] {processor.py:914} INFO - Processing file /opt/airflow/dags/my_dag.py for tasks to queue
[2024-11-27T09:25:52.194+0000] {logging_mixin.py:190} INFO - [2024-11-27T09:25:52.194+0000] {dagbag.py:588} INFO - Filling up the DagBag from /opt/airflow/dags/my_dag.py
[2024-11-27T09:25:52.200+0000] {processor.py:927} WARNING - No viable dags retrieved from /opt/airflow/dags/my_dag.py
[2024-11-27T09:25:52.221+0000] {processor.py:208} INFO - Processing /opt/airflow/dags/my_dag.py took 0.045 seconds
[2024-11-27T09:26:22.905+0000] {processor.py:186} INFO - Started process (PID=3724) to work on /opt/airflow/dags/my_dag.py
[2024-11-27T09:26:22.907+0000] {processor.py:914} INFO - Processing file /opt/airflow/dags/my_dag.py for tasks to queue
[2024-11-27T09:26:22.915+0000] {logging_mixin.py:190} INFO - [2024-11-27T09:26:22.914+0000] {dagbag.py:588} INFO - Filling up the DagBag from /opt/airflow/dags/my_dag.py
[2024-11-27T09:26:22.927+0000] {processor.py:927} WARNING - No viable dags retrieved from /opt/airflow/dags/my_dag.py
[2024-11-27T09:26:22.946+0000] {processor.py:208} INFO - Processing /opt/airflow/dags/my_dag.py took 0.054 seconds
[2024-11-27T09:26:53.085+0000] {processor.py:186} INFO - Started process (PID=3788) to work on /opt/airflow/dags/my_dag.py
[2024-11-27T09:26:53.087+0000] {processor.py:914} INFO - Processing file /opt/airflow/dags/my_dag.py for tasks to queue
[2024-11-27T09:26:53.093+0000] {logging_mixin.py:190} INFO - [2024-11-27T09:26:53.092+0000] {dagbag.py:588} INFO - Filling up the DagBag from /opt/airflow/dags/my_dag.py
[2024-11-27T09:26:53.103+0000] {processor.py:927} WARNING - No viable dags retrieved from /opt/airflow/dags/my_dag.py
[2024-11-27T09:26:53.124+0000] {processor.py:208} INFO - Processing /opt/airflow/dags/my_dag.py took 0.051 seconds
[2024-11-27T09:27:23.581+0000] {processor.py:186} INFO - Started process (PID=3852) to work on /opt/airflow/dags/my_dag.py
[2024-11-27T09:27:23.583+0000] {processor.py:914} INFO - Processing file /opt/airflow/dags/my_dag.py for tasks to queue
[2024-11-27T09:27:23.590+0000] {logging_mixin.py:190} INFO - [2024-11-27T09:27:23.589+0000] {dagbag.py:588} INFO - Filling up the DagBag from /opt/airflow/dags/my_dag.py
[2024-11-27T09:27:23.596+0000] {processor.py:927} WARNING - No viable dags retrieved from /opt/airflow/dags/my_dag.py
[2024-11-27T09:27:23.626+0000] {processor.py:208} INFO - Processing /opt/airflow/dags/my_dag.py took 0.059 seconds
[2024-11-27T09:27:53.951+0000] {processor.py:186} INFO - Started process (PID=3916) to work on /opt/airflow/dags/my_dag.py
[2024-11-27T09:27:53.953+0000] {processor.py:914} INFO - Processing file /opt/airflow/dags/my_dag.py for tasks to queue
[2024-11-27T09:27:53.958+0000] {logging_mixin.py:190} INFO - [2024-11-27T09:27:53.957+0000] {dagbag.py:588} INFO - Filling up the DagBag from /opt/airflow/dags/my_dag.py
[2024-11-27T09:27:53.963+0000] {processor.py:927} WARNING - No viable dags retrieved from /opt/airflow/dags/my_dag.py
[2024-11-27T09:27:53.987+0000] {processor.py:208} INFO - Processing /opt/airflow/dags/my_dag.py took 0.049 seconds
[2024-11-27T09:28:24.690+0000] {processor.py:186} INFO - Started process (PID=3980) to work on /opt/airflow/dags/my_dag.py
[2024-11-27T09:28:24.692+0000] {processor.py:914} INFO - Processing file /opt/airflow/dags/my_dag.py for tasks to queue
[2024-11-27T09:28:24.697+0000] {logging_mixin.py:190} INFO - [2024-11-27T09:28:24.697+0000] {dagbag.py:588} INFO - Filling up the DagBag from /opt/airflow/dags/my_dag.py
[2024-11-27T09:28:24.703+0000] {processor.py:927} WARNING - No viable dags retrieved from /opt/airflow/dags/my_dag.py
[2024-11-27T09:28:24.725+0000] {processor.py:208} INFO - Processing /opt/airflow/dags/my_dag.py took 0.056 seconds
[2024-11-27T09:28:55.438+0000] {processor.py:186} INFO - Started process (PID=4043) to work on /opt/airflow/dags/my_dag.py
[2024-11-27T09:28:55.439+0000] {processor.py:914} INFO - Processing file /opt/airflow/dags/my_dag.py for tasks to queue
[2024-11-27T09:28:55.445+0000] {logging_mixin.py:190} INFO - [2024-11-27T09:28:55.444+0000] {dagbag.py:588} INFO - Filling up the DagBag from /opt/airflow/dags/my_dag.py
[2024-11-27T09:28:55.455+0000] {processor.py:927} WARNING - No viable dags retrieved from /opt/airflow/dags/my_dag.py
[2024-11-27T09:28:55.476+0000] {processor.py:208} INFO - Processing /opt/airflow/dags/my_dag.py took 0.051 seconds
[2024-11-27T09:29:25.956+0000] {processor.py:186} INFO - Started process (PID=4107) to work on /opt/airflow/dags/my_dag.py
[2024-11-27T09:29:25.958+0000] {processor.py:914} INFO - Processing file /opt/airflow/dags/my_dag.py for tasks to queue
[2024-11-27T09:29:25.963+0000] {logging_mixin.py:190} INFO - [2024-11-27T09:29:25.963+0000] {dagbag.py:588} INFO - Filling up the DagBag from /opt/airflow/dags/my_dag.py
[2024-11-27T09:29:25.971+0000] {processor.py:927} WARNING - No viable dags retrieved from /opt/airflow/dags/my_dag.py
[2024-11-27T09:29:25.993+0000] {processor.py:208} INFO - Processing /opt/airflow/dags/my_dag.py took 0.049 seconds
[2024-11-27T09:29:56.329+0000] {processor.py:186} INFO - Started process (PID=4170) to work on /opt/airflow/dags/my_dag.py
[2024-11-27T09:29:56.332+0000] {processor.py:914} INFO - Processing file /opt/airflow/dags/my_dag.py for tasks to queue
[2024-11-27T09:29:56.345+0000] {logging_mixin.py:190} INFO - [2024-11-27T09:29:56.344+0000] {dagbag.py:588} INFO - Filling up the DagBag from /opt/airflow/dags/my_dag.py
[2024-11-27T09:29:56.351+0000] {processor.py:927} WARNING - No viable dags retrieved from /opt/airflow/dags/my_dag.py
[2024-11-27T09:29:56.373+0000] {processor.py:208} INFO - Processing /opt/airflow/dags/my_dag.py took 0.059 seconds
[2024-11-27T09:30:26.656+0000] {processor.py:186} INFO - Started process (PID=4234) to work on /opt/airflow/dags/my_dag.py
[2024-11-27T09:30:26.658+0000] {processor.py:914} INFO - Processing file /opt/airflow/dags/my_dag.py for tasks to queue
[2024-11-27T09:30:26.664+0000] {logging_mixin.py:190} INFO - [2024-11-27T09:30:26.664+0000] {dagbag.py:588} INFO - Filling up the DagBag from /opt/airflow/dags/my_dag.py
[2024-11-27T09:30:26.671+0000] {processor.py:927} WARNING - No viable dags retrieved from /opt/airflow/dags/my_dag.py
[2024-11-27T09:30:26.688+0000] {processor.py:208} INFO - Processing /opt/airflow/dags/my_dag.py took 0.041 seconds
[2024-11-27T09:30:57.402+0000] {processor.py:186} INFO - Started process (PID=4298) to work on /opt/airflow/dags/my_dag.py
[2024-11-27T09:30:57.404+0000] {processor.py:914} INFO - Processing file /opt/airflow/dags/my_dag.py for tasks to queue
[2024-11-27T09:30:57.408+0000] {logging_mixin.py:190} INFO - [2024-11-27T09:30:57.408+0000] {dagbag.py:588} INFO - Filling up the DagBag from /opt/airflow/dags/my_dag.py
[2024-11-27T09:30:57.412+0000] {processor.py:927} WARNING - No viable dags retrieved from /opt/airflow/dags/my_dag.py
[2024-11-27T09:30:57.432+0000] {processor.py:208} INFO - Processing /opt/airflow/dags/my_dag.py took 0.043 seconds
[2024-11-27T09:31:27.501+0000] {processor.py:186} INFO - Started process (PID=4362) to work on /opt/airflow/dags/my_dag.py
[2024-11-27T09:31:27.506+0000] {processor.py:914} INFO - Processing file /opt/airflow/dags/my_dag.py for tasks to queue
[2024-11-27T09:31:27.510+0000] {logging_mixin.py:190} INFO - [2024-11-27T09:31:27.509+0000] {dagbag.py:588} INFO - Filling up the DagBag from /opt/airflow/dags/my_dag.py
[2024-11-27T09:31:27.513+0000] {processor.py:927} WARNING - No viable dags retrieved from /opt/airflow/dags/my_dag.py
[2024-11-27T09:31:27.525+0000] {processor.py:208} INFO - Processing /opt/airflow/dags/my_dag.py took 0.032 seconds
[2024-11-27T09:31:57.845+0000] {processor.py:186} INFO - Started process (PID=4426) to work on /opt/airflow/dags/my_dag.py
[2024-11-27T09:31:57.847+0000] {processor.py:914} INFO - Processing file /opt/airflow/dags/my_dag.py for tasks to queue
[2024-11-27T09:31:57.854+0000] {logging_mixin.py:190} INFO - [2024-11-27T09:31:57.854+0000] {dagbag.py:588} INFO - Filling up the DagBag from /opt/airflow/dags/my_dag.py
[2024-11-27T09:31:57.864+0000] {processor.py:927} WARNING - No viable dags retrieved from /opt/airflow/dags/my_dag.py
[2024-11-27T09:31:57.885+0000] {processor.py:208} INFO - Processing /opt/airflow/dags/my_dag.py took 0.049 seconds
[2024-11-27T09:32:28.052+0000] {processor.py:186} INFO - Started process (PID=4489) to work on /opt/airflow/dags/my_dag.py
[2024-11-27T09:32:28.055+0000] {processor.py:914} INFO - Processing file /opt/airflow/dags/my_dag.py for tasks to queue
[2024-11-27T09:32:28.063+0000] {logging_mixin.py:190} INFO - [2024-11-27T09:32:28.062+0000] {dagbag.py:588} INFO - Filling up the DagBag from /opt/airflow/dags/my_dag.py
[2024-11-27T09:32:28.074+0000] {processor.py:927} WARNING - No viable dags retrieved from /opt/airflow/dags/my_dag.py
[2024-11-27T09:32:28.109+0000] {processor.py:208} INFO - Processing /opt/airflow/dags/my_dag.py took 0.072 seconds
[2024-11-27T09:32:58.207+0000] {processor.py:186} INFO - Started process (PID=4553) to work on /opt/airflow/dags/my_dag.py
[2024-11-27T09:32:58.209+0000] {processor.py:914} INFO - Processing file /opt/airflow/dags/my_dag.py for tasks to queue
[2024-11-27T09:32:58.214+0000] {logging_mixin.py:190} INFO - [2024-11-27T09:32:58.214+0000] {dagbag.py:588} INFO - Filling up the DagBag from /opt/airflow/dags/my_dag.py
[2024-11-27T09:32:58.218+0000] {processor.py:927} WARNING - No viable dags retrieved from /opt/airflow/dags/my_dag.py
[2024-11-27T09:32:58.246+0000] {processor.py:208} INFO - Processing /opt/airflow/dags/my_dag.py took 0.060 seconds
[2024-11-27T09:33:28.478+0000] {processor.py:186} INFO - Started process (PID=4617) to work on /opt/airflow/dags/my_dag.py
[2024-11-27T09:33:28.480+0000] {processor.py:914} INFO - Processing file /opt/airflow/dags/my_dag.py for tasks to queue
[2024-11-27T09:33:28.488+0000] {logging_mixin.py:190} INFO - [2024-11-27T09:33:28.485+0000] {dagbag.py:588} INFO - Filling up the DagBag from /opt/airflow/dags/my_dag.py
[2024-11-27T09:33:28.495+0000] {processor.py:927} WARNING - No viable dags retrieved from /opt/airflow/dags/my_dag.py
[2024-11-27T09:33:28.521+0000] {processor.py:208} INFO - Processing /opt/airflow/dags/my_dag.py took 0.064 seconds
[2024-11-27T09:33:58.901+0000] {processor.py:186} INFO - Started process (PID=4681) to work on /opt/airflow/dags/my_dag.py
[2024-11-27T09:33:58.905+0000] {processor.py:914} INFO - Processing file /opt/airflow/dags/my_dag.py for tasks to queue
[2024-11-27T09:33:58.913+0000] {logging_mixin.py:190} INFO - [2024-11-27T09:33:58.913+0000] {dagbag.py:588} INFO - Filling up the DagBag from /opt/airflow/dags/my_dag.py
[2024-11-27T09:33:58.920+0000] {processor.py:927} WARNING - No viable dags retrieved from /opt/airflow/dags/my_dag.py
[2024-11-27T09:33:58.945+0000] {processor.py:208} INFO - Processing /opt/airflow/dags/my_dag.py took 0.064 seconds
[2024-11-27T09:34:29.280+0000] {processor.py:186} INFO - Started process (PID=4745) to work on /opt/airflow/dags/my_dag.py
[2024-11-27T09:34:29.282+0000] {processor.py:914} INFO - Processing file /opt/airflow/dags/my_dag.py for tasks to queue
[2024-11-27T09:34:29.294+0000] {logging_mixin.py:190} INFO - [2024-11-27T09:34:29.292+0000] {dagbag.py:588} INFO - Filling up the DagBag from /opt/airflow/dags/my_dag.py
[2024-11-27T09:34:29.300+0000] {processor.py:927} WARNING - No viable dags retrieved from /opt/airflow/dags/my_dag.py
[2024-11-27T09:34:29.324+0000] {processor.py:208} INFO - Processing /opt/airflow/dags/my_dag.py took 0.063 seconds
[2024-11-27T09:35:06.403+0000] {processor.py:186} INFO - Started process (PID=56) to work on /opt/airflow/dags/my_dag.py
[2024-11-27T09:35:06.408+0000] {processor.py:914} INFO - Processing file /opt/airflow/dags/my_dag.py for tasks to queue
[2024-11-27T09:35:06.418+0000] {logging_mixin.py:190} INFO - [2024-11-27T09:35:06.416+0000] {dagbag.py:588} INFO - Filling up the DagBag from /opt/airflow/dags/my_dag.py
[2024-11-27T09:35:06.427+0000] {processor.py:927} WARNING - No viable dags retrieved from /opt/airflow/dags/my_dag.py
[2024-11-27T09:35:06.478+0000] {processor.py:208} INFO - Processing /opt/airflow/dags/my_dag.py took 0.086 seconds
[2024-11-27T09:35:37.186+0000] {processor.py:186} INFO - Started process (PID=120) to work on /opt/airflow/dags/my_dag.py
[2024-11-27T09:35:37.194+0000] {processor.py:914} INFO - Processing file /opt/airflow/dags/my_dag.py for tasks to queue
[2024-11-27T09:35:37.199+0000] {logging_mixin.py:190} INFO - [2024-11-27T09:35:37.198+0000] {dagbag.py:588} INFO - Filling up the DagBag from /opt/airflow/dags/my_dag.py
[2024-11-27T09:35:37.209+0000] {processor.py:927} WARNING - No viable dags retrieved from /opt/airflow/dags/my_dag.py
[2024-11-27T09:35:37.236+0000] {processor.py:208} INFO - Processing /opt/airflow/dags/my_dag.py took 0.062 seconds
[2024-11-27T09:36:07.590+0000] {processor.py:186} INFO - Started process (PID=184) to work on /opt/airflow/dags/my_dag.py
[2024-11-27T09:36:07.593+0000] {processor.py:914} INFO - Processing file /opt/airflow/dags/my_dag.py for tasks to queue
[2024-11-27T09:36:07.600+0000] {logging_mixin.py:190} INFO - [2024-11-27T09:36:07.599+0000] {dagbag.py:588} INFO - Filling up the DagBag from /opt/airflow/dags/my_dag.py
[2024-11-27T09:36:07.607+0000] {processor.py:927} WARNING - No viable dags retrieved from /opt/airflow/dags/my_dag.py
[2024-11-27T09:36:07.638+0000] {processor.py:208} INFO - Processing /opt/airflow/dags/my_dag.py took 0.065 seconds
[2024-11-27T09:36:37.977+0000] {processor.py:186} INFO - Started process (PID=248) to work on /opt/airflow/dags/my_dag.py
[2024-11-27T09:36:37.979+0000] {processor.py:914} INFO - Processing file /opt/airflow/dags/my_dag.py for tasks to queue
[2024-11-27T09:36:37.984+0000] {logging_mixin.py:190} INFO - [2024-11-27T09:36:37.984+0000] {dagbag.py:588} INFO - Filling up the DagBag from /opt/airflow/dags/my_dag.py
[2024-11-27T09:36:37.993+0000] {processor.py:927} WARNING - No viable dags retrieved from /opt/airflow/dags/my_dag.py
[2024-11-27T09:36:38.022+0000] {processor.py:208} INFO - Processing /opt/airflow/dags/my_dag.py took 0.065 seconds
[2024-11-27T09:37:08.619+0000] {processor.py:186} INFO - Started process (PID=312) to work on /opt/airflow/dags/my_dag.py
[2024-11-27T09:37:08.623+0000] {processor.py:914} INFO - Processing file /opt/airflow/dags/my_dag.py for tasks to queue
[2024-11-27T09:37:08.636+0000] {logging_mixin.py:190} INFO - [2024-11-27T09:37:08.636+0000] {dagbag.py:588} INFO - Filling up the DagBag from /opt/airflow/dags/my_dag.py
[2024-11-27T09:37:08.642+0000] {processor.py:927} WARNING - No viable dags retrieved from /opt/airflow/dags/my_dag.py
[2024-11-27T09:37:08.670+0000] {processor.py:208} INFO - Processing /opt/airflow/dags/my_dag.py took 0.073 seconds
[2024-11-27T09:37:38.744+0000] {processor.py:186} INFO - Started process (PID=376) to work on /opt/airflow/dags/my_dag.py
[2024-11-27T09:37:38.745+0000] {processor.py:914} INFO - Processing file /opt/airflow/dags/my_dag.py for tasks to queue
[2024-11-27T09:37:38.750+0000] {logging_mixin.py:190} INFO - [2024-11-27T09:37:38.750+0000] {dagbag.py:588} INFO - Filling up the DagBag from /opt/airflow/dags/my_dag.py
[2024-11-27T09:37:38.759+0000] {processor.py:927} WARNING - No viable dags retrieved from /opt/airflow/dags/my_dag.py
[2024-11-27T09:37:38.781+0000] {processor.py:208} INFO - Processing /opt/airflow/dags/my_dag.py took 0.053 seconds
[2024-11-27T09:38:09.435+0000] {processor.py:186} INFO - Started process (PID=440) to work on /opt/airflow/dags/my_dag.py
[2024-11-27T09:38:09.438+0000] {processor.py:914} INFO - Processing file /opt/airflow/dags/my_dag.py for tasks to queue
[2024-11-27T09:38:09.445+0000] {logging_mixin.py:190} INFO - [2024-11-27T09:38:09.444+0000] {dagbag.py:588} INFO - Filling up the DagBag from /opt/airflow/dags/my_dag.py
[2024-11-27T09:38:09.453+0000] {processor.py:927} WARNING - No viable dags retrieved from /opt/airflow/dags/my_dag.py
[2024-11-27T09:38:09.483+0000] {processor.py:208} INFO - Processing /opt/airflow/dags/my_dag.py took 0.073 seconds
[2024-11-27T09:38:40.243+0000] {processor.py:186} INFO - Started process (PID=504) to work on /opt/airflow/dags/my_dag.py
[2024-11-27T09:38:40.245+0000] {processor.py:914} INFO - Processing file /opt/airflow/dags/my_dag.py for tasks to queue
[2024-11-27T09:38:40.256+0000] {logging_mixin.py:190} INFO - [2024-11-27T09:38:40.256+0000] {dagbag.py:588} INFO - Filling up the DagBag from /opt/airflow/dags/my_dag.py
[2024-11-27T09:38:40.264+0000] {processor.py:927} WARNING - No viable dags retrieved from /opt/airflow/dags/my_dag.py
[2024-11-27T09:38:40.287+0000] {processor.py:208} INFO - Processing /opt/airflow/dags/my_dag.py took 0.064 seconds
[2024-11-27T09:39:10.605+0000] {processor.py:186} INFO - Started process (PID=568) to work on /opt/airflow/dags/my_dag.py
[2024-11-27T09:39:10.609+0000] {processor.py:914} INFO - Processing file /opt/airflow/dags/my_dag.py for tasks to queue
[2024-11-27T09:39:10.614+0000] {logging_mixin.py:190} INFO - [2024-11-27T09:39:10.613+0000] {dagbag.py:588} INFO - Filling up the DagBag from /opt/airflow/dags/my_dag.py
[2024-11-27T09:39:10.624+0000] {processor.py:927} WARNING - No viable dags retrieved from /opt/airflow/dags/my_dag.py
[2024-11-27T09:39:10.643+0000] {processor.py:208} INFO - Processing /opt/airflow/dags/my_dag.py took 0.052 seconds
[2024-11-27T09:39:40.888+0000] {processor.py:186} INFO - Started process (PID=632) to work on /opt/airflow/dags/my_dag.py
[2024-11-27T09:39:40.890+0000] {processor.py:914} INFO - Processing file /opt/airflow/dags/my_dag.py for tasks to queue
[2024-11-27T09:39:40.895+0000] {logging_mixin.py:190} INFO - [2024-11-27T09:39:40.894+0000] {dagbag.py:588} INFO - Filling up the DagBag from /opt/airflow/dags/my_dag.py
[2024-11-27T09:39:40.899+0000] {processor.py:927} WARNING - No viable dags retrieved from /opt/airflow/dags/my_dag.py
[2024-11-27T09:39:40.914+0000] {processor.py:208} INFO - Processing /opt/airflow/dags/my_dag.py took 0.036 seconds
[2024-11-27T09:40:11.393+0000] {processor.py:186} INFO - Started process (PID=696) to work on /opt/airflow/dags/my_dag.py
[2024-11-27T09:40:11.395+0000] {processor.py:914} INFO - Processing file /opt/airflow/dags/my_dag.py for tasks to queue
[2024-11-27T09:40:11.400+0000] {logging_mixin.py:190} INFO - [2024-11-27T09:40:11.399+0000] {dagbag.py:588} INFO - Filling up the DagBag from /opt/airflow/dags/my_dag.py
[2024-11-27T09:40:11.403+0000] {processor.py:927} WARNING - No viable dags retrieved from /opt/airflow/dags/my_dag.py
[2024-11-27T09:40:11.417+0000] {processor.py:208} INFO - Processing /opt/airflow/dags/my_dag.py took 0.038 seconds
[2024-11-27T09:40:41.916+0000] {processor.py:186} INFO - Started process (PID=766) to work on /opt/airflow/dags/my_dag.py
[2024-11-27T09:40:41.918+0000] {processor.py:914} INFO - Processing file /opt/airflow/dags/my_dag.py for tasks to queue
[2024-11-27T09:40:41.925+0000] {logging_mixin.py:190} INFO - [2024-11-27T09:40:41.925+0000] {dagbag.py:588} INFO - Filling up the DagBag from /opt/airflow/dags/my_dag.py
[2024-11-27T09:40:41.931+0000] {processor.py:927} WARNING - No viable dags retrieved from /opt/airflow/dags/my_dag.py
[2024-11-27T09:40:41.955+0000] {processor.py:208} INFO - Processing /opt/airflow/dags/my_dag.py took 0.046 seconds
[2024-11-27T09:55:13.102+0000] {processor.py:186} INFO - Started process (PID=824) to work on /opt/airflow/dags/my_dag.py
[2024-11-27T09:55:13.103+0000] {processor.py:914} INFO - Processing file /opt/airflow/dags/my_dag.py for tasks to queue
[2024-11-27T09:55:13.106+0000] {logging_mixin.py:190} INFO - [2024-11-27T09:55:13.106+0000] {dagbag.py:588} INFO - Filling up the DagBag from /opt/airflow/dags/my_dag.py
[2024-11-27T09:55:13.111+0000] {processor.py:927} WARNING - No viable dags retrieved from /opt/airflow/dags/my_dag.py
[2024-11-27T09:55:13.130+0000] {processor.py:208} INFO - Processing /opt/airflow/dags/my_dag.py took 0.035 seconds
[2024-11-27T09:55:44.183+0000] {processor.py:186} INFO - Started process (PID=888) to work on /opt/airflow/dags/my_dag.py
[2024-11-27T09:55:44.185+0000] {processor.py:914} INFO - Processing file /opt/airflow/dags/my_dag.py for tasks to queue
[2024-11-27T09:55:44.190+0000] {logging_mixin.py:190} INFO - [2024-11-27T09:55:44.190+0000] {dagbag.py:588} INFO - Filling up the DagBag from /opt/airflow/dags/my_dag.py
[2024-11-27T09:55:44.195+0000] {processor.py:927} WARNING - No viable dags retrieved from /opt/airflow/dags/my_dag.py
[2024-11-27T09:55:44.219+0000] {processor.py:208} INFO - Processing /opt/airflow/dags/my_dag.py took 0.049 seconds
[2024-11-27T10:01:33.662+0000] {processor.py:186} INFO - Started process (PID=952) to work on /opt/airflow/dags/my_dag.py
[2024-11-27T10:01:33.676+0000] {processor.py:914} INFO - Processing file /opt/airflow/dags/my_dag.py for tasks to queue
[2024-11-27T10:01:33.711+0000] {logging_mixin.py:190} INFO - [2024-11-27T10:01:33.710+0000] {dagbag.py:588} INFO - Filling up the DagBag from /opt/airflow/dags/my_dag.py
[2024-11-27T10:01:33.721+0000] {processor.py:927} WARNING - No viable dags retrieved from /opt/airflow/dags/my_dag.py
[2024-11-27T10:01:33.836+0000] {processor.py:208} INFO - Processing /opt/airflow/dags/my_dag.py took 0.241 seconds
[2024-11-27T10:02:04.519+0000] {processor.py:186} INFO - Started process (PID=1016) to work on /opt/airflow/dags/my_dag.py
[2024-11-27T10:02:04.521+0000] {processor.py:914} INFO - Processing file /opt/airflow/dags/my_dag.py for tasks to queue
[2024-11-27T10:02:04.525+0000] {logging_mixin.py:190} INFO - [2024-11-27T10:02:04.525+0000] {dagbag.py:588} INFO - Filling up the DagBag from /opt/airflow/dags/my_dag.py
[2024-11-27T10:02:04.534+0000] {processor.py:927} WARNING - No viable dags retrieved from /opt/airflow/dags/my_dag.py
[2024-11-27T10:02:04.559+0000] {processor.py:208} INFO - Processing /opt/airflow/dags/my_dag.py took 0.060 seconds
[2024-11-27T10:02:34.875+0000] {processor.py:186} INFO - Started process (PID=1080) to work on /opt/airflow/dags/my_dag.py
[2024-11-27T10:02:34.877+0000] {processor.py:914} INFO - Processing file /opt/airflow/dags/my_dag.py for tasks to queue
[2024-11-27T10:02:34.880+0000] {logging_mixin.py:190} INFO - [2024-11-27T10:02:34.880+0000] {dagbag.py:588} INFO - Filling up the DagBag from /opt/airflow/dags/my_dag.py
[2024-11-27T10:02:34.893+0000] {processor.py:927} WARNING - No viable dags retrieved from /opt/airflow/dags/my_dag.py
[2024-11-27T10:02:34.975+0000] {processor.py:208} INFO - Processing /opt/airflow/dags/my_dag.py took 0.117 seconds
[2024-11-27T10:03:05.402+0000] {processor.py:186} INFO - Started process (PID=1143) to work on /opt/airflow/dags/my_dag.py
[2024-11-27T10:03:05.404+0000] {processor.py:914} INFO - Processing file /opt/airflow/dags/my_dag.py for tasks to queue
[2024-11-27T10:03:05.409+0000] {logging_mixin.py:190} INFO - [2024-11-27T10:03:05.409+0000] {dagbag.py:588} INFO - Filling up the DagBag from /opt/airflow/dags/my_dag.py
[2024-11-27T10:03:05.417+0000] {processor.py:927} WARNING - No viable dags retrieved from /opt/airflow/dags/my_dag.py
[2024-11-27T10:03:05.447+0000] {processor.py:208} INFO - Processing /opt/airflow/dags/my_dag.py took 0.061 seconds
[2024-11-27T10:03:35.757+0000] {processor.py:186} INFO - Started process (PID=1207) to work on /opt/airflow/dags/my_dag.py
[2024-11-27T10:03:35.759+0000] {processor.py:914} INFO - Processing file /opt/airflow/dags/my_dag.py for tasks to queue
[2024-11-27T10:03:35.766+0000] {logging_mixin.py:190} INFO - [2024-11-27T10:03:35.765+0000] {dagbag.py:588} INFO - Filling up the DagBag from /opt/airflow/dags/my_dag.py
[2024-11-27T10:03:35.784+0000] {processor.py:927} WARNING - No viable dags retrieved from /opt/airflow/dags/my_dag.py
[2024-11-27T10:03:35.814+0000] {processor.py:208} INFO - Processing /opt/airflow/dags/my_dag.py took 0.080 seconds
[2024-11-27T10:04:06.580+0000] {processor.py:186} INFO - Started process (PID=1271) to work on /opt/airflow/dags/my_dag.py
[2024-11-27T10:04:06.583+0000] {processor.py:914} INFO - Processing file /opt/airflow/dags/my_dag.py for tasks to queue
[2024-11-27T10:04:06.588+0000] {logging_mixin.py:190} INFO - [2024-11-27T10:04:06.588+0000] {dagbag.py:588} INFO - Filling up the DagBag from /opt/airflow/dags/my_dag.py
[2024-11-27T10:04:06.601+0000] {processor.py:927} WARNING - No viable dags retrieved from /opt/airflow/dags/my_dag.py
[2024-11-27T10:04:06.624+0000] {processor.py:208} INFO - Processing /opt/airflow/dags/my_dag.py took 0.064 seconds
[2024-11-27T10:04:36.740+0000] {processor.py:186} INFO - Started process (PID=1335) to work on /opt/airflow/dags/my_dag.py
[2024-11-27T10:04:36.743+0000] {processor.py:914} INFO - Processing file /opt/airflow/dags/my_dag.py for tasks to queue
[2024-11-27T10:04:36.748+0000] {logging_mixin.py:190} INFO - [2024-11-27T10:04:36.747+0000] {dagbag.py:588} INFO - Filling up the DagBag from /opt/airflow/dags/my_dag.py
[2024-11-27T10:04:36.757+0000] {processor.py:927} WARNING - No viable dags retrieved from /opt/airflow/dags/my_dag.py
[2024-11-27T10:04:36.776+0000] {processor.py:208} INFO - Processing /opt/airflow/dags/my_dag.py took 0.049 seconds
[2024-11-27T10:05:06.940+0000] {processor.py:186} INFO - Started process (PID=1399) to work on /opt/airflow/dags/my_dag.py
[2024-11-27T10:05:06.942+0000] {processor.py:914} INFO - Processing file /opt/airflow/dags/my_dag.py for tasks to queue
[2024-11-27T10:05:06.947+0000] {logging_mixin.py:190} INFO - [2024-11-27T10:05:06.946+0000] {dagbag.py:588} INFO - Filling up the DagBag from /opt/airflow/dags/my_dag.py
[2024-11-27T10:05:06.959+0000] {processor.py:927} WARNING - No viable dags retrieved from /opt/airflow/dags/my_dag.py
[2024-11-27T10:05:06.973+0000] {processor.py:208} INFO - Processing /opt/airflow/dags/my_dag.py took 0.049 seconds
[2024-11-27T10:05:37.158+0000] {processor.py:186} INFO - Started process (PID=1463) to work on /opt/airflow/dags/my_dag.py
[2024-11-27T10:05:37.160+0000] {processor.py:914} INFO - Processing file /opt/airflow/dags/my_dag.py for tasks to queue
[2024-11-27T10:05:37.165+0000] {logging_mixin.py:190} INFO - [2024-11-27T10:05:37.165+0000] {dagbag.py:588} INFO - Filling up the DagBag from /opt/airflow/dags/my_dag.py
[2024-11-27T10:05:37.175+0000] {processor.py:927} WARNING - No viable dags retrieved from /opt/airflow/dags/my_dag.py
[2024-11-27T10:05:37.202+0000] {processor.py:208} INFO - Processing /opt/airflow/dags/my_dag.py took 0.060 seconds
[2024-11-27T10:06:07.544+0000] {processor.py:186} INFO - Started process (PID=1527) to work on /opt/airflow/dags/my_dag.py
[2024-11-27T10:06:07.549+0000] {processor.py:914} INFO - Processing file /opt/airflow/dags/my_dag.py for tasks to queue
[2024-11-27T10:06:07.553+0000] {logging_mixin.py:190} INFO - [2024-11-27T10:06:07.553+0000] {dagbag.py:588} INFO - Filling up the DagBag from /opt/airflow/dags/my_dag.py
[2024-11-27T10:06:07.562+0000] {processor.py:927} WARNING - No viable dags retrieved from /opt/airflow/dags/my_dag.py
[2024-11-27T10:06:07.577+0000] {processor.py:208} INFO - Processing /opt/airflow/dags/my_dag.py took 0.042 seconds
[2024-11-27T10:06:37.996+0000] {processor.py:186} INFO - Started process (PID=1591) to work on /opt/airflow/dags/my_dag.py
[2024-11-27T10:06:37.998+0000] {processor.py:914} INFO - Processing file /opt/airflow/dags/my_dag.py for tasks to queue
[2024-11-27T10:06:38.002+0000] {logging_mixin.py:190} INFO - [2024-11-27T10:06:38.002+0000] {dagbag.py:588} INFO - Filling up the DagBag from /opt/airflow/dags/my_dag.py
[2024-11-27T10:06:38.012+0000] {processor.py:927} WARNING - No viable dags retrieved from /opt/airflow/dags/my_dag.py
[2024-11-27T10:06:38.030+0000] {processor.py:208} INFO - Processing /opt/airflow/dags/my_dag.py took 0.058 seconds
[2024-11-27T10:07:08.843+0000] {processor.py:186} INFO - Started process (PID=1655) to work on /opt/airflow/dags/my_dag.py
[2024-11-27T10:07:08.846+0000] {processor.py:914} INFO - Processing file /opt/airflow/dags/my_dag.py for tasks to queue
[2024-11-27T10:07:08.851+0000] {logging_mixin.py:190} INFO - [2024-11-27T10:07:08.850+0000] {dagbag.py:588} INFO - Filling up the DagBag from /opt/airflow/dags/my_dag.py
[2024-11-27T10:07:08.864+0000] {processor.py:927} WARNING - No viable dags retrieved from /opt/airflow/dags/my_dag.py
[2024-11-27T10:07:08.888+0000] {processor.py:208} INFO - Processing /opt/airflow/dags/my_dag.py took 0.063 seconds
[2024-11-27T10:07:39.544+0000] {processor.py:186} INFO - Started process (PID=1719) to work on /opt/airflow/dags/my_dag.py
[2024-11-27T10:07:39.547+0000] {processor.py:914} INFO - Processing file /opt/airflow/dags/my_dag.py for tasks to queue
[2024-11-27T10:07:39.549+0000] {logging_mixin.py:190} INFO - [2024-11-27T10:07:39.549+0000] {dagbag.py:588} INFO - Filling up the DagBag from /opt/airflow/dags/my_dag.py
[2024-11-27T10:07:39.560+0000] {processor.py:927} WARNING - No viable dags retrieved from /opt/airflow/dags/my_dag.py
[2024-11-27T10:07:39.584+0000] {processor.py:208} INFO - Processing /opt/airflow/dags/my_dag.py took 0.054 seconds
[2024-11-27T10:08:09.962+0000] {processor.py:186} INFO - Started process (PID=1783) to work on /opt/airflow/dags/my_dag.py
[2024-11-27T10:08:09.964+0000] {processor.py:914} INFO - Processing file /opt/airflow/dags/my_dag.py for tasks to queue
[2024-11-27T10:08:09.970+0000] {logging_mixin.py:190} INFO - [2024-11-27T10:08:09.970+0000] {dagbag.py:588} INFO - Filling up the DagBag from /opt/airflow/dags/my_dag.py
[2024-11-27T10:08:09.975+0000] {processor.py:927} WARNING - No viable dags retrieved from /opt/airflow/dags/my_dag.py
[2024-11-27T10:08:09.987+0000] {processor.py:208} INFO - Processing /opt/airflow/dags/my_dag.py took 0.031 seconds
[2024-11-27T10:08:40.213+0000] {processor.py:186} INFO - Started process (PID=1847) to work on /opt/airflow/dags/my_dag.py
[2024-11-27T10:08:40.219+0000] {processor.py:914} INFO - Processing file /opt/airflow/dags/my_dag.py for tasks to queue
[2024-11-27T10:08:40.222+0000] {logging_mixin.py:190} INFO - [2024-11-27T10:08:40.222+0000] {dagbag.py:588} INFO - Filling up the DagBag from /opt/airflow/dags/my_dag.py
[2024-11-27T10:08:40.229+0000] {processor.py:927} WARNING - No viable dags retrieved from /opt/airflow/dags/my_dag.py
[2024-11-27T10:08:40.250+0000] {processor.py:208} INFO - Processing /opt/airflow/dags/my_dag.py took 0.055 seconds
[2024-11-27T10:09:11.222+0000] {processor.py:186} INFO - Started process (PID=1911) to work on /opt/airflow/dags/my_dag.py
[2024-11-27T10:09:11.224+0000] {processor.py:914} INFO - Processing file /opt/airflow/dags/my_dag.py for tasks to queue
[2024-11-27T10:09:11.227+0000] {logging_mixin.py:190} INFO - [2024-11-27T10:09:11.227+0000] {dagbag.py:588} INFO - Filling up the DagBag from /opt/airflow/dags/my_dag.py
[2024-11-27T10:09:11.233+0000] {processor.py:927} WARNING - No viable dags retrieved from /opt/airflow/dags/my_dag.py
[2024-11-27T10:09:11.262+0000] {processor.py:208} INFO - Processing /opt/airflow/dags/my_dag.py took 0.049 seconds
[2024-11-27T10:10:57.829+0000] {processor.py:186} INFO - Started process (PID=53) to work on /opt/airflow/dags/my_dag.py
[2024-11-27T10:10:57.830+0000] {processor.py:914} INFO - Processing file /opt/airflow/dags/my_dag.py for tasks to queue
[2024-11-27T10:10:57.836+0000] {logging_mixin.py:190} INFO - [2024-11-27T10:10:57.836+0000] {dagbag.py:588} INFO - Filling up the DagBag from /opt/airflow/dags/my_dag.py
[2024-11-27T10:10:57.844+0000] {processor.py:927} WARNING - No viable dags retrieved from /opt/airflow/dags/my_dag.py
[2024-11-27T10:10:57.865+0000] {processor.py:208} INFO - Processing /opt/airflow/dags/my_dag.py took 0.046 seconds
[2024-11-27T10:11:28.510+0000] {processor.py:186} INFO - Started process (PID=117) to work on /opt/airflow/dags/my_dag.py
[2024-11-27T10:11:28.514+0000] {processor.py:914} INFO - Processing file /opt/airflow/dags/my_dag.py for tasks to queue
[2024-11-27T10:11:28.523+0000] {logging_mixin.py:190} INFO - [2024-11-27T10:11:28.522+0000] {dagbag.py:588} INFO - Filling up the DagBag from /opt/airflow/dags/my_dag.py
[2024-11-27T10:11:28.535+0000] {processor.py:927} WARNING - No viable dags retrieved from /opt/airflow/dags/my_dag.py
[2024-11-27T10:11:28.561+0000] {processor.py:208} INFO - Processing /opt/airflow/dags/my_dag.py took 0.067 seconds
[2024-11-27T10:11:58.677+0000] {processor.py:186} INFO - Started process (PID=181) to work on /opt/airflow/dags/my_dag.py
[2024-11-27T10:11:58.679+0000] {processor.py:914} INFO - Processing file /opt/airflow/dags/my_dag.py for tasks to queue
[2024-11-27T10:11:58.683+0000] {logging_mixin.py:190} INFO - [2024-11-27T10:11:58.682+0000] {dagbag.py:588} INFO - Filling up the DagBag from /opt/airflow/dags/my_dag.py
[2024-11-27T10:11:58.687+0000] {processor.py:927} WARNING - No viable dags retrieved from /opt/airflow/dags/my_dag.py
[2024-11-27T10:11:58.706+0000] {processor.py:208} INFO - Processing /opt/airflow/dags/my_dag.py took 0.038 seconds
[2024-11-27T10:12:29.063+0000] {processor.py:186} INFO - Started process (PID=245) to work on /opt/airflow/dags/my_dag.py
[2024-11-27T10:12:29.065+0000] {processor.py:914} INFO - Processing file /opt/airflow/dags/my_dag.py for tasks to queue
[2024-11-27T10:12:29.069+0000] {logging_mixin.py:190} INFO - [2024-11-27T10:12:29.068+0000] {dagbag.py:588} INFO - Filling up the DagBag from /opt/airflow/dags/my_dag.py
[2024-11-27T10:12:29.080+0000] {processor.py:927} WARNING - No viable dags retrieved from /opt/airflow/dags/my_dag.py
[2024-11-27T10:12:29.100+0000] {processor.py:208} INFO - Processing /opt/airflow/dags/my_dag.py took 0.055 seconds
[2024-11-27T10:12:59.475+0000] {processor.py:186} INFO - Started process (PID=315) to work on /opt/airflow/dags/my_dag.py
[2024-11-27T10:12:59.479+0000] {processor.py:914} INFO - Processing file /opt/airflow/dags/my_dag.py for tasks to queue
[2024-11-27T10:12:59.487+0000] {logging_mixin.py:190} INFO - [2024-11-27T10:12:59.483+0000] {dagbag.py:588} INFO - Filling up the DagBag from /opt/airflow/dags/my_dag.py
[2024-11-27T10:12:59.496+0000] {processor.py:927} WARNING - No viable dags retrieved from /opt/airflow/dags/my_dag.py
[2024-11-27T10:12:59.518+0000] {processor.py:208} INFO - Processing /opt/airflow/dags/my_dag.py took 0.057 seconds
[2024-11-27T10:13:29.884+0000] {processor.py:186} INFO - Started process (PID=379) to work on /opt/airflow/dags/my_dag.py
[2024-11-27T10:13:29.886+0000] {processor.py:914} INFO - Processing file /opt/airflow/dags/my_dag.py for tasks to queue
[2024-11-27T10:13:29.901+0000] {logging_mixin.py:190} INFO - [2024-11-27T10:13:29.901+0000] {dagbag.py:588} INFO - Filling up the DagBag from /opt/airflow/dags/my_dag.py
[2024-11-27T10:13:29.913+0000] {processor.py:927} WARNING - No viable dags retrieved from /opt/airflow/dags/my_dag.py
[2024-11-27T10:13:29.953+0000] {processor.py:208} INFO - Processing /opt/airflow/dags/my_dag.py took 0.081 seconds
[2024-11-27T10:14:00.307+0000] {processor.py:186} INFO - Started process (PID=443) to work on /opt/airflow/dags/my_dag.py
[2024-11-27T10:14:00.311+0000] {processor.py:914} INFO - Processing file /opt/airflow/dags/my_dag.py for tasks to queue
[2024-11-27T10:14:00.315+0000] {logging_mixin.py:190} INFO - [2024-11-27T10:14:00.315+0000] {dagbag.py:588} INFO - Filling up the DagBag from /opt/airflow/dags/my_dag.py
[2024-11-27T10:14:00.328+0000] {processor.py:927} WARNING - No viable dags retrieved from /opt/airflow/dags/my_dag.py
[2024-11-27T10:14:00.344+0000] {processor.py:208} INFO - Processing /opt/airflow/dags/my_dag.py took 0.059 seconds
[2024-11-27T10:14:31.279+0000] {processor.py:186} INFO - Started process (PID=507) to work on /opt/airflow/dags/my_dag.py
[2024-11-27T10:14:31.282+0000] {processor.py:914} INFO - Processing file /opt/airflow/dags/my_dag.py for tasks to queue
[2024-11-27T10:14:31.287+0000] {logging_mixin.py:190} INFO - [2024-11-27T10:14:31.286+0000] {dagbag.py:588} INFO - Filling up the DagBag from /opt/airflow/dags/my_dag.py
[2024-11-27T10:14:31.292+0000] {processor.py:927} WARNING - No viable dags retrieved from /opt/airflow/dags/my_dag.py
[2024-11-27T10:14:31.318+0000] {processor.py:208} INFO - Processing /opt/airflow/dags/my_dag.py took 0.055 seconds
[2024-11-27T10:15:01.999+0000] {processor.py:186} INFO - Started process (PID=571) to work on /opt/airflow/dags/my_dag.py
[2024-11-27T10:15:02.003+0000] {processor.py:914} INFO - Processing file /opt/airflow/dags/my_dag.py for tasks to queue
[2024-11-27T10:15:02.016+0000] {logging_mixin.py:190} INFO - [2024-11-27T10:15:02.016+0000] {dagbag.py:588} INFO - Filling up the DagBag from /opt/airflow/dags/my_dag.py
[2024-11-27T10:15:02.025+0000] {processor.py:927} WARNING - No viable dags retrieved from /opt/airflow/dags/my_dag.py
[2024-11-27T10:15:02.061+0000] {processor.py:208} INFO - Processing /opt/airflow/dags/my_dag.py took 0.076 seconds
[2024-11-27T10:15:32.428+0000] {processor.py:186} INFO - Started process (PID=634) to work on /opt/airflow/dags/my_dag.py
[2024-11-27T10:15:32.430+0000] {processor.py:914} INFO - Processing file /opt/airflow/dags/my_dag.py for tasks to queue
[2024-11-27T10:15:32.436+0000] {logging_mixin.py:190} INFO - [2024-11-27T10:15:32.435+0000] {dagbag.py:588} INFO - Filling up the DagBag from /opt/airflow/dags/my_dag.py
[2024-11-27T10:15:32.450+0000] {processor.py:927} WARNING - No viable dags retrieved from /opt/airflow/dags/my_dag.py
[2024-11-27T10:15:32.470+0000] {processor.py:208} INFO - Processing /opt/airflow/dags/my_dag.py took 0.061 seconds
[2024-11-27T10:16:02.618+0000] {processor.py:186} INFO - Started process (PID=697) to work on /opt/airflow/dags/my_dag.py
[2024-11-27T10:16:02.630+0000] {processor.py:914} INFO - Processing file /opt/airflow/dags/my_dag.py for tasks to queue
[2024-11-27T10:16:02.677+0000] {logging_mixin.py:190} INFO - [2024-11-27T10:16:02.676+0000] {dagbag.py:588} INFO - Filling up the DagBag from /opt/airflow/dags/my_dag.py
[2024-11-27T10:16:02.689+0000] {processor.py:927} WARNING - No viable dags retrieved from /opt/airflow/dags/my_dag.py
[2024-11-27T10:16:02.711+0000] {processor.py:208} INFO - Processing /opt/airflow/dags/my_dag.py took 0.105 seconds
[2024-11-27T10:16:32.989+0000] {processor.py:186} INFO - Started process (PID=761) to work on /opt/airflow/dags/my_dag.py
[2024-11-27T10:16:32.991+0000] {processor.py:914} INFO - Processing file /opt/airflow/dags/my_dag.py for tasks to queue
[2024-11-27T10:16:32.994+0000] {logging_mixin.py:190} INFO - [2024-11-27T10:16:32.994+0000] {dagbag.py:588} INFO - Filling up the DagBag from /opt/airflow/dags/my_dag.py
[2024-11-27T10:16:33.005+0000] {processor.py:927} WARNING - No viable dags retrieved from /opt/airflow/dags/my_dag.py
[2024-11-27T10:16:33.031+0000] {processor.py:208} INFO - Processing /opt/airflow/dags/my_dag.py took 0.060 seconds
[2024-11-27T10:17:03.571+0000] {processor.py:186} INFO - Started process (PID=825) to work on /opt/airflow/dags/my_dag.py
[2024-11-27T10:17:03.574+0000] {processor.py:914} INFO - Processing file /opt/airflow/dags/my_dag.py for tasks to queue
[2024-11-27T10:17:03.581+0000] {logging_mixin.py:190} INFO - [2024-11-27T10:17:03.580+0000] {dagbag.py:588} INFO - Filling up the DagBag from /opt/airflow/dags/my_dag.py
[2024-11-27T10:17:03.597+0000] {processor.py:927} WARNING - No viable dags retrieved from /opt/airflow/dags/my_dag.py
[2024-11-27T10:17:03.691+0000] {processor.py:208} INFO - Processing /opt/airflow/dags/my_dag.py took 0.143 seconds
[2024-11-27T10:17:33.812+0000] {processor.py:186} INFO - Started process (PID=889) to work on /opt/airflow/dags/my_dag.py
[2024-11-27T10:17:33.813+0000] {processor.py:914} INFO - Processing file /opt/airflow/dags/my_dag.py for tasks to queue
[2024-11-27T10:17:33.820+0000] {logging_mixin.py:190} INFO - [2024-11-27T10:17:33.818+0000] {dagbag.py:588} INFO - Filling up the DagBag from /opt/airflow/dags/my_dag.py
[2024-11-27T10:17:33.828+0000] {processor.py:927} WARNING - No viable dags retrieved from /opt/airflow/dags/my_dag.py
[2024-11-27T10:17:33.849+0000] {processor.py:208} INFO - Processing /opt/airflow/dags/my_dag.py took 0.056 seconds
