[2024-11-26T13:45:42.657+0000] {local_task_job_runner.py:123} INFO - ::group::Pre task execution logs
[2024-11-26T13:45:42.664+0000] {taskinstance.py:2613} INFO - Dependencies all met for dep_context=non-requeueable deps ti=<TaskInstance: example_sensor_decorator.wait_for_upstream manual__2024-11-26T13:45:39.448166+00:00 [queued]>
[2024-11-26T13:45:42.667+0000] {taskinstance.py:2613} INFO - Dependencies all met for dep_context=requeueable deps ti=<TaskInstance: example_sensor_decorator.wait_for_upstream manual__2024-11-26T13:45:39.448166+00:00 [queued]>
[2024-11-26T13:45:42.667+0000] {taskinstance.py:2866} INFO - Starting attempt 1 of 1
[2024-11-26T13:45:42.672+0000] {taskinstance.py:2889} INFO - Executing <Task(DecoratedSensorOperator): wait_for_upstream> on 2024-11-26 13:45:39.448166+00:00
[2024-11-26T13:45:42.677+0000] {warnings.py:112} WARNING - /home/***/.local/lib/python3.12/site-packages/***/task/task_runner/standard_task_runner.py:70: DeprecationWarning: This process (pid=87) is multi-threaded, use of fork() may lead to deadlocks in the child.
  pid = os.fork()

[2024-11-26T13:45:42.678+0000] {standard_task_runner.py:72} INFO - Started process 88 to run task
[2024-11-26T13:45:42.678+0000] {standard_task_runner.py:104} INFO - Running: ['***', 'tasks', 'run', 'example_sensor_decorator', 'wait_for_upstream', 'manual__2024-11-26T13:45:39.448166+00:00', '--job-id', '5', '--raw', '--subdir', '/home/***/.local/lib/python3.12/site-packages/***/example_dags/example_sensor_decorator.py', '--cfg-path', '/tmp/tmpwubi2__8']
[2024-11-26T13:45:42.679+0000] {standard_task_runner.py:105} INFO - Job 5: Subtask wait_for_upstream
[2024-11-26T13:45:42.911+0000] {task_command.py:467} INFO - Running <TaskInstance: example_sensor_decorator.wait_for_upstream manual__2024-11-26T13:45:39.448166+00:00 [running]> on host 08bcfd85e1d5
[2024-11-26T13:45:42.960+0000] {taskinstance.py:3132} INFO - Exporting env vars: AIRFLOW_CTX_DAG_OWNER='***' AIRFLOW_CTX_DAG_ID='example_sensor_decorator' AIRFLOW_CTX_TASK_ID='wait_for_upstream' AIRFLOW_CTX_EXECUTION_DATE='2024-11-26T13:45:39.448166+00:00' AIRFLOW_CTX_TRY_NUMBER='1' AIRFLOW_CTX_DAG_RUN_ID='manual__2024-11-26T13:45:39.448166+00:00'
[2024-11-26T13:45:42.961+0000] {logging_mixin.py:190} INFO - Task instance is in running state
[2024-11-26T13:45:42.961+0000] {logging_mixin.py:190} INFO -  Previous state of the Task instance: queued
[2024-11-26T13:45:42.961+0000] {logging_mixin.py:190} INFO - Current task name:wait_for_upstream state:running start_date:2024-11-26 13:45:42.664713+00:00
[2024-11-26T13:45:42.961+0000] {logging_mixin.py:190} INFO - Dag name:example_sensor_decorator and current dag run status:running
[2024-11-26T13:45:42.961+0000] {taskinstance.py:731} INFO - ::endgroup::
[2024-11-26T13:45:42.968+0000] {python.py:75} INFO - Poking callable: <function example_sensor_decorator.<locals>.wait_for_upstream at 0xffff6a651bc0>
[2024-11-26T13:45:42.969+0000] {base.py:336} INFO - Success criteria met. Exiting.
[2024-11-26T13:45:42.981+0000] {taskinstance.py:340} INFO - ::group::Post task execution logs
[2024-11-26T13:45:42.982+0000] {taskinstance.py:352} INFO - Marking task as SUCCESS. dag_id=example_sensor_decorator, task_id=wait_for_upstream, run_id=manual__2024-11-26T13:45:39.448166+00:00, execution_date=20241126T134539, start_date=20241126T134542, end_date=20241126T134542
[2024-11-26T13:45:42.989+0000] {logging_mixin.py:190} INFO - Task instance in success state
[2024-11-26T13:45:42.989+0000] {logging_mixin.py:190} INFO -  Previous state of the Task instance: running
[2024-11-26T13:45:42.989+0000] {logging_mixin.py:190} INFO - Dag name:example_sensor_decorator queued_at:2024-11-26 13:45:39.472096+00:00
[2024-11-26T13:45:42.990+0000] {logging_mixin.py:190} INFO - Task hostname:08bcfd85e1d5 operator:DecoratedSensorOperator
[2024-11-26T13:45:43.033+0000] {local_task_job_runner.py:266} INFO - Task exited with return code 0
[2024-11-26T13:45:43.264+0000] {taskinstance.py:3895} INFO - 1 downstream tasks scheduled from follow-on schedule check
[2024-11-26T13:45:43.268+0000] {local_task_job_runner.py:245} INFO - ::endgroup::
